Using pre-set license
Built from '2020.3/staging' branch; Version is '2020.3.18f1 (a7d1c678663c) revision 10998214'; Using compiler version '192528614'; Build Type 'Release'
OS: 'Windows 10 Pro; OS build 19043.1288; Version 2009; 64bit' Language: 'zh' Physical Memory: 16333 MB
BatchMode: 1, IsHumanControllingUs: 0, StartBugReporterOnCrash: 0, Is64bit: 1, IsPro: 0

COMMAND LINE ARGUMENTS:
C:\Program Files\2020.3.17f1\Editor\Unity.exe
-adb2
-batchMode
-noUpm
-name
AssetImportWorker1
-projectPath
D:/CS576/576 Final - rigibody
-logFile
Logs/AssetImportWorker1.log
-srvPort
52982
Successfully changed project path to: D:/CS576/576 Final - rigibody
D:/CS576/576 Final - rigibody
Using Asset Import Pipeline V2.
Refreshing native plugins compatible for Editor in 31.94 ms, found 2 plugins.
Preloading 0 native plugins for Editor in 0.00 ms.
Initialize engine version: 2020.3.18f1 (a7d1c678663c)
[Subsystems] Discovering subsystems at path C:/Program Files/2020.3.17f1/Editor/Data/Resources/UnitySubsystems
[Subsystems] Discovering subsystems at path D:/CS576/576 Final - rigibody/Assets
GfxDevice: creating device client; threaded=0
Direct3D:
    Version:  Direct3D 11.0 [level 11.1]
    Renderer: NVIDIA GeForce RTX 2080 Ti (ID=0x1e04)
    Vendor:   
    VRAM:     11049 MB
    Driver:   30.0.14.7212
Initialize mono
Mono path[0] = 'C:/Program Files/2020.3.17f1/Editor/Data/Managed'
Mono path[1] = 'C:/Program Files/2020.3.17f1/Editor/Data/MonoBleedingEdge/lib/mono/unityjit'
Mono config path = 'C:/Program Files/2020.3.17f1/Editor/Data/MonoBleedingEdge/etc'
Using monoOptions --debugger-agent=transport=dt_socket,embedding=1,server=y,suspend=n,address=127.0.0.1:56804
Begin MonoManager ReloadAssembly
Registering precompiled unity dll's ...
Register platform support module: C:/Program Files/2020.3.17f1/Editor/Data/PlaybackEngines/WindowsStandaloneSupport/UnityEditor.WindowsStandalone.Extensions.dll
Registered in 0.003812 seconds.
Native extension for WindowsStandalone target not found
Refreshing native plugins compatible for Editor in 31.08 ms, found 2 plugins.
Preloading 0 native plugins for Editor in 0.00 ms.
Mono: successfully reloaded assembly
- Completed reload, in  1.305 seconds
Domain Reload Profiling:
	ReloadAssembly (1305ms)
		BeginReloadAssembly (62ms)
			ExecutionOrderSort (0ms)
			DisableScriptedObjects (0ms)
			BackupInstance (0ms)
			ReleaseScriptingObjects (0ms)
			CreateAndSetChildDomain (1ms)
		EndReloadAssembly (466ms)
			LoadAssemblies (60ms)
			RebuildTransferFunctionScriptingTraits (0ms)
			SetupTypeCache (192ms)
			ReleaseScriptCaches (0ms)
			RebuildScriptCaches (32ms)
			SetupLoadedEditorAssemblies (166ms)
				LogAssemblyErrors (0ms)
				InitializePlatformSupportModulesInManaged (5ms)
				SetLoadedEditorAssemblies (0ms)
				RefreshPlugins (31ms)
				BeforeProcessingInitializeOnLoad (13ms)
				ProcessInitializeOnLoadAttributes (88ms)
				ProcessInitializeOnLoadMethodAttributes (29ms)
				AfterProcessingInitializeOnLoad (0ms)
				EditorAssembliesLoaded (0ms)
			ExecutionOrderSort2 (0ms)
			AwakeInstancesAfterBackupRestoration (0ms)
Platform modules already initialized, skipping
Registering precompiled user dll's ...
Registered in 0.002467 seconds.
Begin MonoManager ReloadAssembly
Native extension for WindowsStandalone target not found
Refreshing native plugins compatible for Editor in 0.35 ms, found 2 plugins.
Preloading 0 native plugins for Editor in 0.00 ms.
Mono: successfully reloaded assembly
- Completed reload, in  1.001 seconds
Domain Reload Profiling:
	ReloadAssembly (1001ms)
		BeginReloadAssembly (149ms)
			ExecutionOrderSort (0ms)
			DisableScriptedObjects (5ms)
			BackupInstance (0ms)
			ReleaseScriptingObjects (0ms)
			CreateAndSetChildDomain (19ms)
		EndReloadAssembly (791ms)
			LoadAssemblies (86ms)
			RebuildTransferFunctionScriptingTraits (0ms)
			SetupTypeCache (273ms)
			ReleaseScriptCaches (0ms)
			RebuildScriptCaches (43ms)
			SetupLoadedEditorAssemblies (290ms)
				LogAssemblyErrors (0ms)
				InitializePlatformSupportModulesInManaged (5ms)
				SetLoadedEditorAssemblies (0ms)
				RefreshPlugins (0ms)
				BeforeProcessingInitializeOnLoad (78ms)
				ProcessInitializeOnLoadAttributes (195ms)
				ProcessInitializeOnLoadMethodAttributes (5ms)
				AfterProcessingInitializeOnLoad (6ms)
				EditorAssembliesLoaded (0ms)
			ExecutionOrderSort2 (0ms)
			AwakeInstancesAfterBackupRestoration (7ms)
Platform modules already initialized, skipping
========================================================================
Worker process is ready to serve import requests
Launched and connected shader compiler UnityShaderCompiler.exe after 0.06 seconds
Refreshing native plugins compatible for Editor in 0.30 ms, found 2 plugins.
Preloading 0 native plugins for Editor in 0.00 ms.
Unloading 1404 Unused Serialized files (Serialized files now loaded: 0)
System memory in use before: 65.3 MB.
System memory in use after: 65.4 MB.

Unloading 16 unused Assets to reduce memory usage. Loaded Objects now: 1840.
Total: 2.713200 ms (FindLiveObjects: 0.136500 ms CreateObjectMapping: 0.047400 ms MarkObjects: 2.457300 ms  DeleteObjects: 0.070700 ms)

AssetImportParameters requested are different than current active one (requested -> active):
  custom:framework-win-MediaFoundation: 216162199b28c13a410421893ffa2e32 -> 
  custom:video-decoder-ogg-theora: a1e56fd34408186e4bbccfd4996cb3dc -> 
  custom:container-muxer-webm: aa71ff27fc2769a1b78a27578f13a17b -> 
  custom:container-demuxer-webm: 4f35f7cbe854078d1ac9338744f61a02 -> 
  custom:container-demuxer-ogg: 62fdf1f143b41e24485cea50d1cbac27 -> 
  custom:video-encoder-webm-vp8: eb34c28f22e8b96e1ab97ce403110664 -> 
  custom:video-decoder-webm-vp8: 9c59270c3fd7afecdb556c50c9e8de78 -> 
  custom:audio-decoder-ogg-vorbis: bf7c407c2cedff20999df2af8eb42d56 -> 
  custom:audio-encoder-webm-vorbis: bf7c407c2cedff20999df2af8eb42d56 -> 
========================================================================
Received Import Request.
  path: Assets/New Material 1.mat
  artifactKey: Guid(18824006b540d214d8b3a15fcc622287) Importer(815301076,1909f56bfc062723c751e8b465ee728b)
Start importing Assets/New Material 1.mat using Guid(18824006b540d214d8b3a15fcc622287) Importer(815301076,1909f56bfc062723c751e8b465ee728b)  -> (artifact id: '12ae05e2d9b567d25d189d02bd1465cd') in 0.110757 seconds 
  Import took 0.113212 seconds .

========================================================================
Received Import Request.
  Time since last request: 0.000861 seconds.
  path: Assets/New Material.mat
  artifactKey: Guid(3b7afc9ad2b3c25419f1b0a866c58125) Importer(815301076,1909f56bfc062723c751e8b465ee728b)
Start importing Assets/New Material.mat using Guid(3b7afc9ad2b3c25419f1b0a866c58125) Importer(815301076,1909f56bfc062723c751e8b465ee728b)  -> (artifact id: '373d3db4b04ba7229d8398519ad50240') in 0.009903 seconds 
  Import took 0.011987 seconds .

========================================================================
Received Import Request.
  Time since last request: 6.157999 seconds.
  path: Assets/Thirdparty
  artifactKey: Guid(df6b8ff0ccebe704d8d3f17170d188b4) Importer(815301076,1909f56bfc062723c751e8b465ee728b)
Start importing Assets/Thirdparty using Guid(df6b8ff0ccebe704d8d3f17170d188b4) Importer(815301076,1909f56bfc062723c751e8b465ee728b)  -> (artifact id: '362261f983609950654a820de6d7056f') in 0.003676 seconds 
  Import took 0.005926 seconds .

========================================================================
Received Import Request.
  Time since last request: 0.198293 seconds.
  path: Assets/TZ_Futuristic Panel Textures Lite
  artifactKey: Guid(6f9f7954c94550f48a481c07461170f7) Importer(815301076,1909f56bfc062723c751e8b465ee728b)
Start importing Assets/TZ_Futuristic Panel Textures Lite using Guid(6f9f7954c94550f48a481c07461170f7) Importer(815301076,1909f56bfc062723c751e8b465ee728b)  -> (artifact id: 'faed2831990a09cc40dfeb4d3f482039') in 0.004189 seconds 
  Import took 0.006428 seconds .

========================================================================
Received Import Request.
  Time since last request: 1.018631 seconds.
  path: Assets/TZ_Futuristic Panel Textures Lite/Textures
  artifactKey: Guid(aa01da69144894bf2948810d798a635f) Importer(815301076,1909f56bfc062723c751e8b465ee728b)
Start importing Assets/TZ_Futuristic Panel Textures Lite/Textures using Guid(aa01da69144894bf2948810d798a635f) Importer(815301076,1909f56bfc062723c751e8b465ee728b)  -> (artifact id: '0cced3f5ce9016097e69d030f56496e0') in 0.002885 seconds 
  Import took 0.004982 seconds .

========================================================================
Received Import Request.
  Time since last request: 1.317946 seconds.
  path: Assets/TZ_Futuristic Panel Textures Lite/Textures/1panel_braced_B.png
  artifactKey: Guid(f96a3a7a88023485bb394179704ee094) Importer(815301076,1909f56bfc062723c751e8b465ee728b)
Start importing Assets/TZ_Futuristic Panel Textures Lite/Textures/1panel_braced_B.png using Guid(f96a3a7a88023485bb394179704ee094) Importer(815301076,1909f56bfc062723c751e8b465ee728b)  -> (artifact id: '6bc9435aacd057c5b04707f6cadc8c6f') in 0.068828 seconds 
  Import took 0.071070 seconds .

========================================================================
Received Import Request.
  Time since last request: 0.000500 seconds.
  path: Assets/TZ_Futuristic Panel Textures Lite/Textures/2panel_C.png
  artifactKey: Guid(70a53e1d5d91646d98a092cf7e829ecf) Importer(815301076,1909f56bfc062723c751e8b465ee728b)
Start importing Assets/TZ_Futuristic Panel Textures Lite/Textures/2panel_C.png using Guid(70a53e1d5d91646d98a092cf7e829ecf) Importer(815301076,1909f56bfc062723c751e8b465ee728b)  -> (artifact id: '48ed9e2034902a29e4c73a870d7376f2') in 0.007145 seconds 
  Import took 0.009203 seconds .

========================================================================
Received Import Request.
  Time since last request: 0.000246 seconds.
  path: Assets/TZ_Futuristic Panel Textures Lite/Textures/1panel_braced_J.png
  artifactKey: Guid(798ae30319d6842d2b553fbba4527ab6) Importer(815301076,1909f56bfc062723c751e8b465ee728b)
Start importing Assets/TZ_Futuristic Panel Textures Lite/Textures/1panel_braced_J.png using Guid(798ae30319d6842d2b553fbba4527ab6) Importer(815301076,1909f56bfc062723c751e8b465ee728b)  -> (artifact id: 'e37ed1def451d30eb21f61bddaf03fd2') in 0.007046 seconds 
  Import took 0.009123 seconds .

========================================================================
Received Import Request.
  Time since last request: 0.000294 seconds.
  path: Assets/TZ_Futuristic Panel Textures Lite/Textures/1panel_G.png
  artifactKey: Guid(cd8367c9e9db7461a95f3b01fd57c547) Importer(815301076,1909f56bfc062723c751e8b465ee728b)
Start importing Assets/TZ_Futuristic Panel Textures Lite/Textures/1panel_G.png using Guid(cd8367c9e9db7461a95f3b01fd57c547) Importer(815301076,1909f56bfc062723c751e8b465ee728b)  -> (artifact id: '55a09f1745504f4d80cbc5e25d65cc6b') in 0.007001 seconds 
  Import took 0.009007 seconds .

========================================================================
Received Import Request.
  Time since last request: 0.000252 seconds.
  path: Assets/TZ_Futuristic Panel Textures Lite/Textures/1panel_E.png
  artifactKey: Guid(eb4ac185c777b45a69651592fe52c34d) Importer(815301076,1909f56bfc062723c751e8b465ee728b)
Start importing Assets/TZ_Futuristic Panel Textures Lite/Textures/1panel_E.png using Guid(eb4ac185c777b45a69651592fe52c34d) Importer(815301076,1909f56bfc062723c751e8b465ee728b)  -> (artifact id: '5cd6c19481d5f45c6122e0508025cb37') in 0.007157 seconds 
  Import took 0.009064 seconds .

========================================================================
Received Import Request.
  Time since last request: 0.000251 seconds.
  path: Assets/TZ_Futuristic Panel Textures Lite/Textures/1panel_braced_C.png
  artifactKey: Guid(730c9cf738783480dac06d12d0e99d70) Importer(815301076,1909f56bfc062723c751e8b465ee728b)
Start importing Assets/TZ_Futuristic Panel Textures Lite/Textures/1panel_braced_C.png using Guid(730c9cf738783480dac06d12d0e99d70) Importer(815301076,1909f56bfc062723c751e8b465ee728b)  -> (artifact id: '97fd0452cf8e1eb34338ac21a34283ba') in 0.007335 seconds 
  Import took 0.009360 seconds .

========================================================================
Received Import Request.
  Time since last request: 0.000279 seconds.
  path: Assets/TZ_Futuristic Panel Textures Lite/Textures/vent_circular_A.png
  artifactKey: Guid(ee4bba0af915e43f893a52ae19a3dbca) Importer(815301076,1909f56bfc062723c751e8b465ee728b)
Start importing Assets/TZ_Futuristic Panel Textures Lite/Textures/vent_circular_A.png using Guid(ee4bba0af915e43f893a52ae19a3dbca) Importer(815301076,1909f56bfc062723c751e8b465ee728b)  -> (artifact id: '1d1c30eee0afecd7c6efe739ca66f83e') in 0.007201 seconds 
  Import took 0.009130 seconds .

========================================================================
Received Import Request.
  Time since last request: 0.000254 seconds.
  path: Assets/TZ_Futuristic Panel Textures Lite/Textures/2panel_caution.png
  artifactKey: Guid(46c25ca52c699402e88cf0bf1030ebcc) Importer(815301076,1909f56bfc062723c751e8b465ee728b)
Start importing Assets/TZ_Futuristic Panel Textures Lite/Textures/2panel_caution.png using Guid(46c25ca52c699402e88cf0bf1030ebcc) Importer(815301076,1909f56bfc062723c751e8b465ee728b)  -> (artifact id: '21c3f89d5d19cadf16f5efde18931826') in 0.006819 seconds 
  Import took 0.008953 seconds .

========================================================================
Received Import Request.
  Time since last request: 0.000248 seconds.
  path: Assets/TZ_Futuristic Panel Textures Lite/Textures/1panel_braced_F.png
  artifactKey: Guid(9bcc42ff898b84e5f944b847765e1561) Importer(815301076,1909f56bfc062723c751e8b465ee728b)
Start importing Assets/TZ_Futuristic Panel Textures Lite/Textures/1panel_braced_F.png using Guid(9bcc42ff898b84e5f944b847765e1561) Importer(815301076,1909f56bfc062723c751e8b465ee728b)  -> (artifact id: '16a25aab226a2cb063d4500366a55b84') in 0.006508 seconds 
  Import took 0.008517 seconds .

========================================================================
Received Import Request.
  Time since last request: 0.000289 seconds.
  path: Assets/TZ_Futuristic Panel Textures Lite/Textures/braced_D.png
  artifactKey: Guid(fef55f71ba2d04a7696bdf812b8e258f) Importer(815301076,1909f56bfc062723c751e8b465ee728b)
Start importing Assets/TZ_Futuristic Panel Textures Lite/Textures/braced_D.png using Guid(fef55f71ba2d04a7696bdf812b8e258f) Importer(815301076,1909f56bfc062723c751e8b465ee728b)  -> (artifact id: '2a5d7a57f255df4890348ed470a9f205') in 0.008083 seconds 
  Import took 0.010447 seconds .

========================================================================
Received Import Request.
  Time since last request: 0.000314 seconds.
  path: Assets/TZ_Futuristic Panel Textures Lite/Textures/1panel_braced_D.png
  artifactKey: Guid(0ee3edd92a04245d5a2bb14a5e26e50e) Importer(815301076,1909f56bfc062723c751e8b465ee728b)
Start importing Assets/TZ_Futuristic Panel Textures Lite/Textures/1panel_braced_D.png using Guid(0ee3edd92a04245d5a2bb14a5e26e50e) Importer(815301076,1909f56bfc062723c751e8b465ee728b)  -> (artifact id: '45349a462edd3450780651ba1b646f15') in 0.009573 seconds 
  Import took 0.011986 seconds .

========================================================================
Received Import Request.
  Time since last request: 0.000279 seconds.
  path: Assets/TZ_Futuristic Panel Textures Lite/Textures/2panel_vent.png
  artifactKey: Guid(30d1e6a3fca4f4ff687d27be324c45dd) Importer(815301076,1909f56bfc062723c751e8b465ee728b)
Start importing Assets/TZ_Futuristic Panel Textures Lite/Textures/2panel_vent.png using Guid(30d1e6a3fca4f4ff687d27be324c45dd) Importer(815301076,1909f56bfc062723c751e8b465ee728b)  -> (artifact id: '5416b1bc17167dafc5649dbef1ef39c5') in 0.008675 seconds 
  Import took 0.011498 seconds .

========================================================================
Received Import Request.
  Time since last request: 0.000183 seconds.
  path: Assets/TZ_Futuristic Panel Textures Lite/Textures/screw_A.png
  artifactKey: Guid(f34ef2996de8a4ac1aa25421e45dd4e4) Importer(815301076,1909f56bfc062723c751e8b465ee728b)
Start importing Assets/TZ_Futuristic Panel Textures Lite/Textures/screw_A.png using Guid(f34ef2996de8a4ac1aa25421e45dd4e4) Importer(815301076,1909f56bfc062723c751e8b465ee728b)  -> (artifact id: '9b83d73865e34bcd373ef62b24b397bd') in 0.008857 seconds 
  Import took 0.011536 seconds .

========================================================================
Received Import Request.
  Time since last request: 0.000300 seconds.
  path: Assets/TZ_Futuristic Panel Textures Lite/Textures/1panel_C.png
  artifactKey: Guid(85a35554d44a440f2a08c8a141f9aef1) Importer(815301076,1909f56bfc062723c751e8b465ee728b)
Start importing Assets/TZ_Futuristic Panel Textures Lite/Textures/1panel_C.png using Guid(85a35554d44a440f2a08c8a141f9aef1) Importer(815301076,1909f56bfc062723c751e8b465ee728b)  -> (artifact id: '57fd8859e38f4e40cc4e3ee6b917c5be') in 0.009167 seconds 
  Import took 0.011703 seconds .

========================================================================
Received Import Request.
  Time since last request: 0.000223 seconds.
  path: Assets/TZ_Futuristic Panel Textures Lite/Textures/1panel_braced_F_dark2.png
  artifactKey: Guid(85320a3451e64499ba8e686161e274e9) Importer(815301076,1909f56bfc062723c751e8b465ee728b)
Start importing Assets/TZ_Futuristic Panel Textures Lite/Textures/1panel_braced_F_dark2.png using Guid(85320a3451e64499ba8e686161e274e9) Importer(815301076,1909f56bfc062723c751e8b465ee728b)  -> (artifact id: 'bcf675b01801d2a33ce9eb3d7fe9968a') in 0.010016 seconds 
  Import took 0.013027 seconds .

========================================================================
Received Import Request.
  Time since last request: 4.662171 seconds.
  path: Assets/TZ_Futuristic Panel Textures Lite/Texture Normals Maps
  artifactKey: Guid(14e0dc53a34744f3db17690c17314af4) Importer(815301076,1909f56bfc062723c751e8b465ee728b)
Start importing Assets/TZ_Futuristic Panel Textures Lite/Texture Normals Maps using Guid(14e0dc53a34744f3db17690c17314af4) Importer(815301076,1909f56bfc062723c751e8b465ee728b)  -> (artifact id: '2e8ad8616ca879647ca16418fbbb380f') in 0.004453 seconds 
  Import took 0.007203 seconds .

========================================================================
Received Import Request.
  Time since last request: 0.121337 seconds.
  path: Assets/TZ_Futuristic Panel Textures Lite/Texture Normals Maps/1panel_braced_B.png
  artifactKey: Guid(ecec6dc5124594d4bbf382541ce594ae) Importer(815301076,1909f56bfc062723c751e8b465ee728b)
Start importing Assets/TZ_Futuristic Panel Textures Lite/Texture Normals Maps/1panel_braced_B.png using Guid(ecec6dc5124594d4bbf382541ce594ae) Importer(815301076,1909f56bfc062723c751e8b465ee728b)  -> (artifact id: 'f8f920288174a2a70e6ae860fa038f4e') in 0.010066 seconds 
  Import took 0.012411 seconds .

========================================================================
Received Import Request.
  Time since last request: 0.000253 seconds.
  path: Assets/TZ_Futuristic Panel Textures Lite/Texture Normals Maps/2panel_caution.png
  artifactKey: Guid(c6e887d95bd674b43b62a144735add08) Importer(815301076,1909f56bfc062723c751e8b465ee728b)
Start importing Assets/TZ_Futuristic Panel Textures Lite/Texture Normals Maps/2panel_caution.png using Guid(c6e887d95bd674b43b62a144735add08) Importer(815301076,1909f56bfc062723c751e8b465ee728b)  -> (artifact id: '1a47cdb8d3b1385e7d634d4605753566') in 0.007581 seconds 
  Import took 0.009606 seconds .

========================================================================
Received Import Request.
  Time since last request: 0.000296 seconds.
  path: Assets/TZ_Futuristic Panel Textures Lite/Texture Normals Maps/1panel_braced_F_dark2.png
  artifactKey: Guid(9e704e955562247e3a756a94a2f88172) Importer(815301076,1909f56bfc062723c751e8b465ee728b)
Start importing Assets/TZ_Futuristic Panel Textures Lite/Texture Normals Maps/1panel_braced_F_dark2.png using Guid(9e704e955562247e3a756a94a2f88172) Importer(815301076,1909f56bfc062723c751e8b465ee728b)  -> (artifact id: '540d62f0ba6f8c5d4ec398bcdbb604fa') in 0.008009 seconds 
  Import took 0.010700 seconds .

========================================================================
Received Import Request.
  Time since last request: 0.001409 seconds.
  path: Assets/TZ_Futuristic Panel Textures Lite/Texture Normals Maps/screw_A.png
  artifactKey: Guid(87d47e8c7c4b04f9b80e77e3e1144ed4) Importer(815301076,1909f56bfc062723c751e8b465ee728b)
Start importing Assets/TZ_Futuristic Panel Textures Lite/Texture Normals Maps/screw_A.png using Guid(87d47e8c7c4b04f9b80e77e3e1144ed4) Importer(815301076,1909f56bfc062723c751e8b465ee728b)  -> (artifact id: '5d9664a3f45515386670a3f2af401f1c') in 0.007454 seconds 
  Import took 0.009504 seconds .

========================================================================
Received Import Request.
  Time since last request: 0.000255 seconds.
  path: Assets/TZ_Futuristic Panel Textures Lite/Texture Normals Maps/1panel_braced_J.png
  artifactKey: Guid(5f886aedf988a42a58c2e8cbf3ad89e1) Importer(815301076,1909f56bfc062723c751e8b465ee728b)
Start importing Assets/TZ_Futuristic Panel Textures Lite/Texture Normals Maps/1panel_braced_J.png using Guid(5f886aedf988a42a58c2e8cbf3ad89e1) Importer(815301076,1909f56bfc062723c751e8b465ee728b)  -> (artifact id: '76990b014c73999a5cf8dca62e076f09') in 0.007174 seconds 
  Import took 0.009145 seconds .

========================================================================
Received Import Request.
  Time since last request: 0.000260 seconds.
  path: Assets/TZ_Futuristic Panel Textures Lite/Texture Normals Maps/vent_circular_A.png
  artifactKey: Guid(1e1f7c3d185244b08b326e90770f9743) Importer(815301076,1909f56bfc062723c751e8b465ee728b)
Start importing Assets/TZ_Futuristic Panel Textures Lite/Texture Normals Maps/vent_circular_A.png using Guid(1e1f7c3d185244b08b326e90770f9743) Importer(815301076,1909f56bfc062723c751e8b465ee728b)  -> (artifact id: '85d6d4519af97f72d5eea3021365af0d') in 0.007587 seconds 
  Import took 0.009611 seconds .

========================================================================
Received Import Request.
  Time since last request: 0.000277 seconds.
  path: Assets/TZ_Futuristic Panel Textures Lite/Texture Normals Maps/1panel_G.png
  artifactKey: Guid(0c61521fe09e64e2eae300c82b144735) Importer(815301076,1909f56bfc062723c751e8b465ee728b)
Start importing Assets/TZ_Futuristic Panel Textures Lite/Texture Normals Maps/1panel_G.png using Guid(0c61521fe09e64e2eae300c82b144735) Importer(815301076,1909f56bfc062723c751e8b465ee728b)  -> (artifact id: '06f38e7f863d52823d30ace3fcba7f72') in 0.007561 seconds 
  Import took 0.009514 seconds .

========================================================================
Received Import Request.
  Time since last request: 0.000258 seconds.
  path: Assets/TZ_Futuristic Panel Textures Lite/Texture Normals Maps/1panel_braced_C.png
  artifactKey: Guid(e729398f3739f4a859c0e9e7003a960c) Importer(815301076,1909f56bfc062723c751e8b465ee728b)
Start importing Assets/TZ_Futuristic Panel Textures Lite/Texture Normals Maps/1panel_braced_C.png using Guid(e729398f3739f4a859c0e9e7003a960c) Importer(815301076,1909f56bfc062723c751e8b465ee728b)  -> (artifact id: 'a6b3ad726a48365ef746132d7b884517') in 0.006782 seconds 
  Import took 0.008707 seconds .

========================================================================
Received Import Request.
  Time since last request: 0.000237 seconds.
  path: Assets/TZ_Futuristic Panel Textures Lite/Texture Normals Maps/2panel_vent.png
  artifactKey: Guid(7f29ad995b97d45b88b48b8b86b987d0) Importer(815301076,1909f56bfc062723c751e8b465ee728b)
Start importing Assets/TZ_Futuristic Panel Textures Lite/Texture Normals Maps/2panel_vent.png using Guid(7f29ad995b97d45b88b48b8b86b987d0) Importer(815301076,1909f56bfc062723c751e8b465ee728b)  -> (artifact id: '64ccc9f7612b1fb10e8a523d9504e2ff') in 0.007355 seconds 
  Import took 0.009342 seconds .

========================================================================
Received Import Request.
  Time since last request: 0.000264 seconds.
  path: Assets/TZ_Futuristic Panel Textures Lite/Texture Normals Maps/1panel_C.png
  artifactKey: Guid(58a7aebbb8b6c479180c46c255c40952) Importer(815301076,1909f56bfc062723c751e8b465ee728b)
Start importing Assets/TZ_Futuristic Panel Textures Lite/Texture Normals Maps/1panel_C.png using Guid(58a7aebbb8b6c479180c46c255c40952) Importer(815301076,1909f56bfc062723c751e8b465ee728b)  -> (artifact id: '4b0e60a15fa3b2bbb74fc584adbe7dbf') in 0.008448 seconds 
  Import took 0.010669 seconds .

========================================================================
Received Import Request.
  Time since last request: 0.000248 seconds.
  path: Assets/TZ_Futuristic Panel Textures Lite/Texture Normals Maps/2panel_C.png
  artifactKey: Guid(d2c64713338a04c1db2ea687dfb35209) Importer(815301076,1909f56bfc062723c751e8b465ee728b)
Start importing Assets/TZ_Futuristic Panel Textures Lite/Texture Normals Maps/2panel_C.png using Guid(d2c64713338a04c1db2ea687dfb35209) Importer(815301076,1909f56bfc062723c751e8b465ee728b)  -> (artifact id: '2645ff5ab39eab388d3c79d7065f89bc') in 0.014120 seconds 
  Import took 0.016390 seconds .

========================================================================
Received Import Request.
  Time since last request: 0.000322 seconds.
  path: Assets/TZ_Futuristic Panel Textures Lite/Texture Normals Maps/braced_D.png
  artifactKey: Guid(25931b7839f684314b25944f6111a686) Importer(815301076,1909f56bfc062723c751e8b465ee728b)
Start importing Assets/TZ_Futuristic Panel Textures Lite/Texture Normals Maps/braced_D.png using Guid(25931b7839f684314b25944f6111a686) Importer(815301076,1909f56bfc062723c751e8b465ee728b)  -> (artifact id: '0998ef69045c44a6e6397b59c3f35d96') in 0.019981 seconds 
  Import took 0.022109 seconds .

========================================================================
Received Import Request.
  Time since last request: 0.000287 seconds.
  path: Assets/TZ_Futuristic Panel Textures Lite/Texture Normals Maps/1panel_braced_D.png
  artifactKey: Guid(217469ad47e7e4242a409348f7122385) Importer(815301076,1909f56bfc062723c751e8b465ee728b)
Start importing Assets/TZ_Futuristic Panel Textures Lite/Texture Normals Maps/1panel_braced_D.png using Guid(217469ad47e7e4242a409348f7122385) Importer(815301076,1909f56bfc062723c751e8b465ee728b)  -> (artifact id: '5b2a525e54149c23621482d7ac42270f') in 0.020921 seconds 
  Import took 0.023279 seconds .

========================================================================
Received Import Request.
  Time since last request: 0.000287 seconds.
  path: Assets/TZ_Futuristic Panel Textures Lite/Texture Normals Maps/1panel_braced_F.png
  artifactKey: Guid(9533f22fa01824f11a9869260d6f2efa) Importer(815301076,1909f56bfc062723c751e8b465ee728b)
Start importing Assets/TZ_Futuristic Panel Textures Lite/Texture Normals Maps/1panel_braced_F.png using Guid(9533f22fa01824f11a9869260d6f2efa) Importer(815301076,1909f56bfc062723c751e8b465ee728b)  -> (artifact id: 'a698e1f8c96cdf19aa59d74bc2a04afb') in 0.012710 seconds 
  Import took 0.014988 seconds .

========================================================================
Received Import Request.
  Time since last request: 0.000259 seconds.
  path: Assets/TZ_Futuristic Panel Textures Lite/Texture Normals Maps/1panel_E.png
  artifactKey: Guid(f9c8e2714a148469dabf9dbebf857dd2) Importer(815301076,1909f56bfc062723c751e8b465ee728b)
Start importing Assets/TZ_Futuristic Panel Textures Lite/Texture Normals Maps/1panel_E.png using Guid(f9c8e2714a148469dabf9dbebf857dd2) Importer(815301076,1909f56bfc062723c751e8b465ee728b)  -> (artifact id: '92dba37b8b565e43c65a57ea4588ed24') in 0.019724 seconds 
  Import took 0.021861 seconds .

========================================================================
Received Import Request.
  Time since last request: 1.559328 seconds.
  path: Assets/TZ_Futuristic Panel Textures Lite/Materials
  artifactKey: Guid(fb3a628927b6e4327b97a5ab0fed2c20) Importer(815301076,1909f56bfc062723c751e8b465ee728b)
Start importing Assets/TZ_Futuristic Panel Textures Lite/Materials using Guid(fb3a628927b6e4327b97a5ab0fed2c20) Importer(815301076,1909f56bfc062723c751e8b465ee728b)  -> (artifact id: '2579244353caa44b049ae8d99d887d14') in 0.002797 seconds 
  Import took 0.005003 seconds .

========================================================================
Received Import Request.
  Time since last request: 0.064294 seconds.
  path: Assets/TZ_Futuristic Panel Textures Lite/Materials/1panel_braced_B.mat
  artifactKey: Guid(c1857fc7091ac4633a78fe5387c5d66a) Importer(815301076,1909f56bfc062723c751e8b465ee728b)
Start importing Assets/TZ_Futuristic Panel Textures Lite/Materials/1panel_braced_B.mat using Guid(c1857fc7091ac4633a78fe5387c5d66a) Importer(815301076,1909f56bfc062723c751e8b465ee728b)  -> (artifact id: '2fdefda7635025c0e3f49a16da32b50e') in 0.120688 seconds 
  Import took 0.122894 seconds .

========================================================================
Received Import Request.
  Time since last request: 0.000263 seconds.
  path: Assets/TZ_Futuristic Panel Textures Lite/Materials/1panel_braced_F.mat
  artifactKey: Guid(1bacd63d7603d41c28d91d689979d21f) Importer(815301076,1909f56bfc062723c751e8b465ee728b)
Start importing Assets/TZ_Futuristic Panel Textures Lite/Materials/1panel_braced_F.mat using Guid(1bacd63d7603d41c28d91d689979d21f) Importer(815301076,1909f56bfc062723c751e8b465ee728b)  -> (artifact id: '56ba13ee407dc8dbd28d2c5c99553f3b') in 0.009676 seconds 
  Import took 0.012010 seconds .

========================================================================
Received Import Request.
  Time since last request: 0.000234 seconds.
  path: Assets/TZ_Futuristic Panel Textures Lite/Materials/1panel_braced_D.mat
  artifactKey: Guid(28c4d4343a504460fb156afb9b858311) Importer(815301076,1909f56bfc062723c751e8b465ee728b)
Start importing Assets/TZ_Futuristic Panel Textures Lite/Materials/1panel_braced_D.mat using Guid(28c4d4343a504460fb156afb9b858311) Importer(815301076,1909f56bfc062723c751e8b465ee728b)  -> (artifact id: 'e151e4ffe3e11b5d3141f00f97dcd2c0') in 0.009731 seconds 
  Import took 0.011815 seconds .

========================================================================
Received Import Request.
  Time since last request: 0.000256 seconds.
  path: Assets/TZ_Futuristic Panel Textures Lite/Materials/1panel_C.mat
  artifactKey: Guid(981a6c651e539497da0058d713deecde) Importer(815301076,1909f56bfc062723c751e8b465ee728b)
Start importing Assets/TZ_Futuristic Panel Textures Lite/Materials/1panel_C.mat using Guid(981a6c651e539497da0058d713deecde) Importer(815301076,1909f56bfc062723c751e8b465ee728b)  -> (artifact id: 'f7dd7eb715c6317c7fe6caf7b94b1943') in 0.009000 seconds 
  Import took 0.011029 seconds .

========================================================================
Received Import Request.
  Time since last request: 0.000258 seconds.
  path: Assets/TZ_Futuristic Panel Textures Lite/Materials/1panel_E.mat
  artifactKey: Guid(14fac2c4db58a492aba33d256a37a52a) Importer(815301076,1909f56bfc062723c751e8b465ee728b)
Start importing Assets/TZ_Futuristic Panel Textures Lite/Materials/1panel_E.mat using Guid(14fac2c4db58a492aba33d256a37a52a) Importer(815301076,1909f56bfc062723c751e8b465ee728b)  -> (artifact id: 'c7a2e41ae652bc4405b1af55b2746093') in 0.009133 seconds 
  Import took 0.011221 seconds .

========================================================================
Received Import Request.
  Time since last request: 0.000279 seconds.
  path: Assets/TZ_Futuristic Panel Textures Lite/Materials/1panel_braced_J.mat
  artifactKey: Guid(fd8fde642a9d6487abdc10c57655af29) Importer(815301076,1909f56bfc062723c751e8b465ee728b)
Start importing Assets/TZ_Futuristic Panel Textures Lite/Materials/1panel_braced_J.mat using Guid(fd8fde642a9d6487abdc10c57655af29) Importer(815301076,1909f56bfc062723c751e8b465ee728b)  -> (artifact id: 'e367e7fbb41a572d4f07f8c123fa64ec') in 0.012686 seconds 
  Import took 0.015297 seconds .

========================================================================
Received Import Request.
  Time since last request: 0.000356 seconds.
  path: Assets/TZ_Futuristic Panel Textures Lite/Materials/1panel_braced_C.mat
  artifactKey: Guid(de7e32ef6c2e84928aee67cf65292972) Importer(815301076,1909f56bfc062723c751e8b465ee728b)
Start importing Assets/TZ_Futuristic Panel Textures Lite/Materials/1panel_braced_C.mat using Guid(de7e32ef6c2e84928aee67cf65292972) Importer(815301076,1909f56bfc062723c751e8b465ee728b)  -> (artifact id: '51afb621deb1a61d26a2a2a74b4e3f4b') in 0.013197 seconds 
  Import took 0.015783 seconds .

========================================================================
Received Import Request.
  Time since last request: 0.000257 seconds.
  path: Assets/TZ_Futuristic Panel Textures Lite/Materials/1panel_G.mat
  artifactKey: Guid(c2c33447d8a9c48e0aebebbe09c0a6a2) Importer(815301076,1909f56bfc062723c751e8b465ee728b)
Start importing Assets/TZ_Futuristic Panel Textures Lite/Materials/1panel_G.mat using Guid(c2c33447d8a9c48e0aebebbe09c0a6a2) Importer(815301076,1909f56bfc062723c751e8b465ee728b)  -> (artifact id: '6a0d7ea205897eed6a3ab55609aac402') in 0.013469 seconds 
  Import took 0.015976 seconds .

========================================================================
Received Import Request.
  Time since last request: 0.000396 seconds.
  path: Assets/TZ_Futuristic Panel Textures Lite/Materials/2panel_caution.mat
  artifactKey: Guid(bab902b3e15fe445f9cd096768fba893) Importer(815301076,1909f56bfc062723c751e8b465ee728b)
Start importing Assets/TZ_Futuristic Panel Textures Lite/Materials/2panel_caution.mat using Guid(bab902b3e15fe445f9cd096768fba893) Importer(815301076,1909f56bfc062723c751e8b465ee728b)  -> (artifact id: 'fe8ee4d89ac5d13b4d41fbbf6e712311') in 0.010919 seconds 
  Import took 0.013435 seconds .

========================================================================
Received Import Request.
  Time since last request: 0.000336 seconds.
  path: Assets/TZ_Futuristic Panel Textures Lite/Materials/screw_A.mat
  artifactKey: Guid(65d63dfe8139b435c90c087eb9582982) Importer(815301076,1909f56bfc062723c751e8b465ee728b)
Start importing Assets/TZ_Futuristic Panel Textures Lite/Materials/screw_A.mat using Guid(65d63dfe8139b435c90c087eb9582982) Importer(815301076,1909f56bfc062723c751e8b465ee728b)  -> (artifact id: '4bb26daabff69a4303205799e07de9fb') in 0.013678 seconds 
  Import took 0.016280 seconds .

========================================================================
Received Import Request.
  Time since last request: 0.000249 seconds.
  path: Assets/TZ_Futuristic Panel Textures Lite/Materials/2panel_C.mat
  artifactKey: Guid(00f482e20366e49b1bd8dc92a0292f5e) Importer(815301076,1909f56bfc062723c751e8b465ee728b)
Start importing Assets/TZ_Futuristic Panel Textures Lite/Materials/2panel_C.mat using Guid(00f482e20366e49b1bd8dc92a0292f5e) Importer(815301076,1909f56bfc062723c751e8b465ee728b)  -> (artifact id: 'c0bc8da220fccd5edde034e803acc5f7') in 0.012919 seconds 
  Import took 0.015257 seconds .

========================================================================
Received Import Request.
  Time since last request: 0.000285 seconds.
  path: Assets/TZ_Futuristic Panel Textures Lite/Materials/vent_circular_A.mat
  artifactKey: Guid(80b04eec94eb640ae8465a9f7693b18b) Importer(815301076,1909f56bfc062723c751e8b465ee728b)
Start importing Assets/TZ_Futuristic Panel Textures Lite/Materials/vent_circular_A.mat using Guid(80b04eec94eb640ae8465a9f7693b18b) Importer(815301076,1909f56bfc062723c751e8b465ee728b)  -> (artifact id: 'efac8547ae933867721f39ca0bc3843e') in 0.025919 seconds 
  Import took 0.028065 seconds .

========================================================================
Received Import Request.
  Time since last request: 0.000237 seconds.
  path: Assets/TZ_Futuristic Panel Textures Lite/Materials/1panel_braced_F_dark2.mat
  artifactKey: Guid(849773bda27814957ae551819bb8884a) Importer(815301076,1909f56bfc062723c751e8b465ee728b)
Start importing Assets/TZ_Futuristic Panel Textures Lite/Materials/1panel_braced_F_dark2.mat using Guid(849773bda27814957ae551819bb8884a) Importer(815301076,1909f56bfc062723c751e8b465ee728b)  -> (artifact id: 'f62bb588ea10d8dd10b0905ce2554686') in 0.008859 seconds 
  Import took 0.011056 seconds .

========================================================================
Received Import Request.
  Time since last request: 0.000180 seconds.
  path: Assets/TZ_Futuristic Panel Textures Lite/Materials/2panel_vent.mat
  artifactKey: Guid(923b95e6abf5a4f5ab9ec1d101f3f788) Importer(815301076,1909f56bfc062723c751e8b465ee728b)
Start importing Assets/TZ_Futuristic Panel Textures Lite/Materials/2panel_vent.mat using Guid(923b95e6abf5a4f5ab9ec1d101f3f788) Importer(815301076,1909f56bfc062723c751e8b465ee728b)  -> (artifact id: '24abe512b2101c901a06245d1193da3d') in 0.008755 seconds 
  Import took 0.010764 seconds .

========================================================================
Received Import Request.
  Time since last request: 0.000176 seconds.
  path: Assets/TZ_Futuristic Panel Textures Lite/Materials/braced_D.mat
  artifactKey: Guid(e452ab889135440b8ab7811cd598c53c) Importer(815301076,1909f56bfc062723c751e8b465ee728b)
Start importing Assets/TZ_Futuristic Panel Textures Lite/Materials/braced_D.mat using Guid(e452ab889135440b8ab7811cd598c53c) Importer(815301076,1909f56bfc062723c751e8b465ee728b)  -> (artifact id: 'adbf50488b3a267287f517f0976ccda5') in 0.008660 seconds 
  Import took 0.010634 seconds .

========================================================================
Received Import Request.
  Time since last request: 173.886897 seconds.
  path: Assets/Thirdparty/Ciathyza/Gridbox Prototype Materials/Materials/Standard/Prototype_512x512_Grey2 1.mat
  artifactKey: Guid(55a6678c9b20d4a4b8bf218ff8433792) Importer(815301076,1909f56bfc062723c751e8b465ee728b)
Start importing Assets/Thirdparty/Ciathyza/Gridbox Prototype Materials/Materials/Standard/Prototype_512x512_Grey2 1.mat using Guid(55a6678c9b20d4a4b8bf218ff8433792) Importer(815301076,1909f56bfc062723c751e8b465ee728b)  -> (artifact id: 'b4791e33c7b756a6895eac7781b78446') in 0.023187 seconds 
  Import took 0.026001 seconds .

========================================================================
Received Import Request.
  Time since last request: 0.010642 seconds.
  path: Assets/Thirdparty/Ciathyza/Gridbox Prototype Materials/Materials/Standard/Prototype_512x512_Grey2 1.mat
  artifactKey: Guid(55a6678c9b20d4a4b8bf218ff8433792) Importer(815301076,1909f56bfc062723c751e8b465ee728b)
Start importing Assets/Thirdparty/Ciathyza/Gridbox Prototype Materials/Materials/Standard/Prototype_512x512_Grey2 1.mat using Guid(55a6678c9b20d4a4b8bf218ff8433792) Importer(815301076,1909f56bfc062723c751e8b465ee728b)  -> (artifact id: 'b4791e33c7b756a6895eac7781b78446') in 0.010613 seconds 
  Import took 0.013083 seconds .

========================================================================
Received Prepare
Registering precompiled user dll's ...
Registered in 0.001999 seconds.
Begin MonoManager ReloadAssembly
Native extension for WindowsStandalone target not found
Refreshing native plugins compatible for Editor in 0.32 ms, found 2 plugins.
Preloading 0 native plugins for Editor in 0.00 ms.
Mono: successfully reloaded assembly
- Completed reload, in  1.003 seconds
Domain Reload Profiling:
	ReloadAssembly (1003ms)
		BeginReloadAssembly (126ms)
			ExecutionOrderSort (0ms)
			DisableScriptedObjects (5ms)
			BackupInstance (0ms)
			ReleaseScriptingObjects (0ms)
			CreateAndSetChildDomain (38ms)
		EndReloadAssembly (809ms)
			LoadAssemblies (99ms)
			RebuildTransferFunctionScriptingTraits (0ms)
			SetupTypeCache (304ms)
			ReleaseScriptCaches (1ms)
			RebuildScriptCaches (37ms)
			SetupLoadedEditorAssemblies (277ms)
				LogAssemblyErrors (0ms)
				InitializePlatformSupportModulesInManaged (5ms)
				SetLoadedEditorAssemblies (0ms)
				RefreshPlugins (0ms)
				BeforeProcessingInitializeOnLoad (75ms)
				ProcessInitializeOnLoadAttributes (185ms)
				ProcessInitializeOnLoadMethodAttributes (4ms)
				AfterProcessingInitializeOnLoad (7ms)
				EditorAssembliesLoaded (0ms)
			ExecutionOrderSort2 (0ms)
			AwakeInstancesAfterBackupRestoration (7ms)
Platform modules already initialized, skipping
Refreshing native plugins compatible for Editor in 0.33 ms, found 2 plugins.
Preloading 0 native plugins for Editor in 0.00 ms.
Unloading 1398 Unused Serialized files (Serialized files now loaded: 0)
System memory in use before: 68.6 MB.
System memory in use after: 68.8 MB.

Unloading 11 unused Assets to reduce memory usage. Loaded Objects now: 1885.
Total: 2.469900 ms (FindLiveObjects: 0.154700 ms CreateObjectMapping: 0.049700 ms MarkObjects: 2.245400 ms  DeleteObjects: 0.018900 ms)

AssetImportParameters requested are different than current active one (requested -> active):
  custom:framework-win-MediaFoundation: 216162199b28c13a410421893ffa2e32 -> 
  custom:video-decoder-ogg-theora: a1e56fd34408186e4bbccfd4996cb3dc -> 
  custom:container-muxer-webm: aa71ff27fc2769a1b78a27578f13a17b -> 
  custom:container-demuxer-webm: 4f35f7cbe854078d1ac9338744f61a02 -> 
  custom:container-demuxer-ogg: 62fdf1f143b41e24485cea50d1cbac27 -> 
  custom:video-encoder-webm-vp8: eb34c28f22e8b96e1ab97ce403110664 -> 
  custom:video-decoder-webm-vp8: 9c59270c3fd7afecdb556c50c9e8de78 -> 
  custom:audio-decoder-ogg-vorbis: bf7c407c2cedff20999df2af8eb42d56 -> 
  custom:audio-encoder-webm-vorbis: bf7c407c2cedff20999df2af8eb42d56 -> 
========================================================================
Received Prepare
Registering precompiled user dll's ...
Registered in 0.002329 seconds.
Begin MonoManager ReloadAssembly
Native extension for WindowsStandalone target not found
Refreshing native plugins compatible for Editor in 0.46 ms, found 2 plugins.
Preloading 0 native plugins for Editor in 0.00 ms.
Mono: successfully reloaded assembly
- Completed reload, in  1.251 seconds
Domain Reload Profiling:
	ReloadAssembly (1252ms)
		BeginReloadAssembly (144ms)
			ExecutionOrderSort (0ms)
			DisableScriptedObjects (6ms)
			BackupInstance (0ms)
			ReleaseScriptingObjects (0ms)
			CreateAndSetChildDomain (43ms)
		EndReloadAssembly (1015ms)
			LoadAssemblies (124ms)
			RebuildTransferFunctionScriptingTraits (0ms)
			SetupTypeCache (351ms)
			ReleaseScriptCaches (1ms)
			RebuildScriptCaches (46ms)
			SetupLoadedEditorAssemblies (383ms)
				LogAssemblyErrors (0ms)
				InitializePlatformSupportModulesInManaged (7ms)
				SetLoadedEditorAssemblies (0ms)
				RefreshPlugins (1ms)
				BeforeProcessingInitializeOnLoad (105ms)
				ProcessInitializeOnLoadAttributes (252ms)
				ProcessInitializeOnLoadMethodAttributes (5ms)
				AfterProcessingInitializeOnLoad (12ms)
				EditorAssembliesLoaded (0ms)
			ExecutionOrderSort2 (0ms)
			AwakeInstancesAfterBackupRestoration (9ms)
Platform modules already initialized, skipping
Refreshing native plugins compatible for Editor in 0.36 ms, found 2 plugins.
Preloading 0 native plugins for Editor in 0.00 ms.
Unloading 1398 Unused Serialized files (Serialized files now loaded: 0)
System memory in use before: 68.7 MB.
System memory in use after: 68.8 MB.

Unloading 11 unused Assets to reduce memory usage. Loaded Objects now: 1887.
Total: 3.165700 ms (FindLiveObjects: 0.216800 ms CreateObjectMapping: 0.096100 ms MarkObjects: 2.834100 ms  DeleteObjects: 0.017100 ms)

AssetImportParameters requested are different than current active one (requested -> active):
  custom:framework-win-MediaFoundation: 216162199b28c13a410421893ffa2e32 -> 
  custom:video-decoder-ogg-theora: a1e56fd34408186e4bbccfd4996cb3dc -> 
  custom:container-muxer-webm: aa71ff27fc2769a1b78a27578f13a17b -> 
  custom:container-demuxer-webm: 4f35f7cbe854078d1ac9338744f61a02 -> 
  custom:container-demuxer-ogg: 62fdf1f143b41e24485cea50d1cbac27 -> 
  custom:video-encoder-webm-vp8: eb34c28f22e8b96e1ab97ce403110664 -> 
  custom:video-decoder-webm-vp8: 9c59270c3fd7afecdb556c50c9e8de78 -> 
  custom:audio-decoder-ogg-vorbis: bf7c407c2cedff20999df2af8eb42d56 -> 
  custom:audio-encoder-webm-vorbis: bf7c407c2cedff20999df2af8eb42d56 -> 
========================================================================
Received Prepare
Registering precompiled user dll's ...
Registered in 0.001987 seconds.
Begin MonoManager ReloadAssembly
Native extension for WindowsStandalone target not found
Refreshing native plugins compatible for Editor in 0.35 ms, found 2 plugins.
Preloading 0 native plugins for Editor in 0.00 ms.
Mono: successfully reloaded assembly
- Completed reload, in  1.138 seconds
Domain Reload Profiling:
	ReloadAssembly (1138ms)
		BeginReloadAssembly (152ms)
			ExecutionOrderSort (0ms)
			DisableScriptedObjects (5ms)
			BackupInstance (0ms)
			ReleaseScriptingObjects (0ms)
			CreateAndSetChildDomain (40ms)
		EndReloadAssembly (916ms)
			LoadAssemblies (110ms)
			RebuildTransferFunctionScriptingTraits (0ms)
			SetupTypeCache (291ms)
			ReleaseScriptCaches (1ms)
			RebuildScriptCaches (47ms)
			SetupLoadedEditorAssemblies (323ms)
				LogAssemblyErrors (0ms)
				InitializePlatformSupportModulesInManaged (8ms)
				SetLoadedEditorAssemblies (0ms)
				RefreshPlugins (0ms)
				BeforeProcessingInitializeOnLoad (91ms)
				ProcessInitializeOnLoadAttributes (211ms)
				ProcessInitializeOnLoadMethodAttributes (6ms)
				AfterProcessingInitializeOnLoad (6ms)
				EditorAssembliesLoaded (0ms)
			ExecutionOrderSort2 (0ms)
			AwakeInstancesAfterBackupRestoration (8ms)
Platform modules already initialized, skipping
Refreshing native plugins compatible for Editor in 0.37 ms, found 2 plugins.
Preloading 0 native plugins for Editor in 0.00 ms.
Unloading 1398 Unused Serialized files (Serialized files now loaded: 0)
System memory in use before: 68.7 MB.
System memory in use after: 68.8 MB.

Unloading 11 unused Assets to reduce memory usage. Loaded Objects now: 1889.
Total: 3.146400 ms (FindLiveObjects: 0.152400 ms CreateObjectMapping: 0.048000 ms MarkObjects: 2.922600 ms  DeleteObjects: 0.022100 ms)

AssetImportParameters requested are different than current active one (requested -> active):
  custom:framework-win-MediaFoundation: 216162199b28c13a410421893ffa2e32 -> 
  custom:video-decoder-ogg-theora: a1e56fd34408186e4bbccfd4996cb3dc -> 
  custom:container-muxer-webm: aa71ff27fc2769a1b78a27578f13a17b -> 
  custom:container-demuxer-webm: 4f35f7cbe854078d1ac9338744f61a02 -> 
  custom:container-demuxer-ogg: 62fdf1f143b41e24485cea50d1cbac27 -> 
  custom:video-encoder-webm-vp8: eb34c28f22e8b96e1ab97ce403110664 -> 
  custom:video-decoder-webm-vp8: 9c59270c3fd7afecdb556c50c9e8de78 -> 
  custom:audio-decoder-ogg-vorbis: bf7c407c2cedff20999df2af8eb42d56 -> 
  custom:audio-encoder-webm-vorbis: bf7c407c2cedff20999df2af8eb42d56 -> 
========================================================================
Received Import Request.
  Time since last request: 1651.800893 seconds.
  path: Assets/AllSkyFree/Cartoon Base BlueSky
  artifactKey: Guid(9f633969e0c5e4bfeba8bb43b5348d81) Importer(815301076,1909f56bfc062723c751e8b465ee728b)
Start importing Assets/AllSkyFree/Cartoon Base BlueSky using Guid(9f633969e0c5e4bfeba8bb43b5348d81) Importer(815301076,1909f56bfc062723c751e8b465ee728b)  -> (artifact id: 'bafdc482f2a5fd4fc2642bdfad70bf3f') in 0.007580 seconds 
  Import took 0.010151 seconds .

========================================================================
Received Import Request.
  Time since last request: 0.162585 seconds.
  path: Assets/AllSkyFree/Cartoon Base BlueSky/Day_BlueSky_Nothing Equirect.mat
  artifactKey: Guid(73324b55f67f54c7bbf43204788b8bbe) Importer(815301076,1909f56bfc062723c751e8b465ee728b)
Start importing Assets/AllSkyFree/Cartoon Base BlueSky/Day_BlueSky_Nothing Equirect.mat using Guid(73324b55f67f54c7bbf43204788b8bbe) Importer(815301076,1909f56bfc062723c751e8b465ee728b)  -> (artifact id: '6ef30385a9d928a760df45d8467c6607') in 0.122482 seconds 
  Import took 0.125931 seconds .

========================================================================
Received Import Request.
  Time since last request: 0.000291 seconds.
  path: Assets/AllSkyFree/Cartoon Base BlueSky/Sky_Day_BlueSky_Nothing_Cam_1_Back-Z.png
  artifactKey: Guid(33cbefefe2c7f4e77ac959c74eef5d4d) Importer(815301076,1909f56bfc062723c751e8b465ee728b)
Start importing Assets/AllSkyFree/Cartoon Base BlueSky/Sky_Day_BlueSky_Nothing_Cam_1_Back-Z.png using Guid(33cbefefe2c7f4e77ac959c74eef5d4d) Importer(815301076,1909f56bfc062723c751e8b465ee728b)  -> (artifact id: 'a7a7afc03c6a674ba55828234a500a83') in 0.027024 seconds 
  Import took 0.029129 seconds .

========================================================================
Received Import Request.
  Time since last request: 0.000370 seconds.
  path: Assets/AllSkyFree/Cartoon Base BlueSky/Sky_Day_BlueSky_Nothing_Cam_5_Down-Y.png
  artifactKey: Guid(4c119b81b42684c39873d7738564bcdd) Importer(815301076,1909f56bfc062723c751e8b465ee728b)
Start importing Assets/AllSkyFree/Cartoon Base BlueSky/Sky_Day_BlueSky_Nothing_Cam_5_Down-Y.png using Guid(4c119b81b42684c39873d7738564bcdd) Importer(815301076,1909f56bfc062723c751e8b465ee728b)  -> (artifact id: 'acf0859551afc90136cd42fe3c510514') in 0.015555 seconds 
  Import took 0.017859 seconds .

========================================================================
Received Import Request.
  Time since last request: 0.000331 seconds.
  path: Assets/AllSkyFree/Cartoon Base BlueSky/Sky_Day_BlueSky_Nothing_Cam_0_Front+Z.png
  artifactKey: Guid(d731d71c2b8e94c18b5ef8be277e6773) Importer(815301076,1909f56bfc062723c751e8b465ee728b)
Start importing Assets/AllSkyFree/Cartoon Base BlueSky/Sky_Day_BlueSky_Nothing_Cam_0_Front+Z.png using Guid(d731d71c2b8e94c18b5ef8be277e6773) Importer(815301076,1909f56bfc062723c751e8b465ee728b)  -> (artifact id: '51d07b1a396debaa5259182557c60cba') in 0.012084 seconds 
  Import took 0.014278 seconds .

========================================================================
Received Import Request.
  Time since last request: 0.000245 seconds.
  path: Assets/AllSkyFree/Cartoon Base BlueSky/Sky_Day_BlueSky_Nothing_Cam_4_Up+Y.png
  artifactKey: Guid(5cf2d5ca2357a4d4fb98ebc5b6034e72) Importer(815301076,1909f56bfc062723c751e8b465ee728b)
Start importing Assets/AllSkyFree/Cartoon Base BlueSky/Sky_Day_BlueSky_Nothing_Cam_4_Up+Y.png using Guid(5cf2d5ca2357a4d4fb98ebc5b6034e72) Importer(815301076,1909f56bfc062723c751e8b465ee728b)  -> (artifact id: 'd358fb892a725c772debbdf77e18598a') in 0.012254 seconds 
  Import took 0.014771 seconds .

========================================================================
Received Import Request.
  Time since last request: 0.000270 seconds.
  path: Assets/AllSkyFree/Cartoon Base BlueSky/Sky_Day_BlueSky_Nothing_Cam_3_Right-X.png
  artifactKey: Guid(d3b809c8b33ff46faa4245f0bca7e6fe) Importer(815301076,1909f56bfc062723c751e8b465ee728b)
Start importing Assets/AllSkyFree/Cartoon Base BlueSky/Sky_Day_BlueSky_Nothing_Cam_3_Right-X.png using Guid(d3b809c8b33ff46faa4245f0bca7e6fe) Importer(815301076,1909f56bfc062723c751e8b465ee728b)  -> (artifact id: '3b1d9825afaf9e11a80359de9ec58dd6') in 0.012640 seconds 
  Import took 0.014901 seconds .

========================================================================
Received Import Request.
  Time since last request: 0.000290 seconds.
  path: Assets/AllSkyFree/Cartoon Base BlueSky/Sky_Day_BlueSky_Nothing_Cam_2_Left+X.png
  artifactKey: Guid(6b8f010ba933d4f01bdedec2c1a8a025) Importer(815301076,1909f56bfc062723c751e8b465ee728b)
Start importing Assets/AllSkyFree/Cartoon Base BlueSky/Sky_Day_BlueSky_Nothing_Cam_2_Left+X.png using Guid(6b8f010ba933d4f01bdedec2c1a8a025) Importer(815301076,1909f56bfc062723c751e8b465ee728b)  -> (artifact id: 'd118ed040f5b6772a88bd3d9413e585a') in 0.012070 seconds 
  Import took 0.014348 seconds .

========================================================================
Received Import Request.
  Time since last request: 0.000171 seconds.
  path: Assets/AllSkyFree/Cartoon Base BlueSky/Day_BlueSky_Nothing.mat
  artifactKey: Guid(c56e28e54cac24b04ae3dd957d214534) Importer(815301076,1909f56bfc062723c751e8b465ee728b)
Start importing Assets/AllSkyFree/Cartoon Base BlueSky/Day_BlueSky_Nothing.mat using Guid(c56e28e54cac24b04ae3dd957d214534) Importer(815301076,1909f56bfc062723c751e8b465ee728b)  -> (artifact id: 'ef0f0dfe5e9e1139d10eb68c8918915c') in 0.162200 seconds 
  Import took 0.164687 seconds .

========================================================================
Received Import Request.
  Time since last request: 0.000218 seconds.
  path: Assets/AllSkyFree/Cartoon Base BlueSky/Sky_Day_BlueSky_Equirect.png
  artifactKey: Guid(d4c8dc343ae5d4673b7720ffdb1ddf00) Importer(815301076,1909f56bfc062723c751e8b465ee728b)
Start importing Assets/AllSkyFree/Cartoon Base BlueSky/Sky_Day_BlueSky_Equirect.png using Guid(d4c8dc343ae5d4673b7720ffdb1ddf00) Importer(815301076,1909f56bfc062723c751e8b465ee728b)  -> (artifact id: 'faa4f045a6716c90a135fe8790ef4359') in 0.374367 seconds 
  Import took 0.377936 seconds .

========================================================================
Received Import Request.
  Time since last request: 8.548890 seconds.
  path: Assets/AllSkyFree/Cartoon Base NightSky/Cartoon Base NightSky Equirect.mat
  artifactKey: Guid(3a6db933fef1d4c759bf21220420505f) Importer(815301076,1909f56bfc062723c751e8b465ee728b)
Start importing Assets/AllSkyFree/Cartoon Base NightSky/Cartoon Base NightSky Equirect.mat using Guid(3a6db933fef1d4c759bf21220420505f) Importer(815301076,1909f56bfc062723c751e8b465ee728b)  -> (artifact id: 'c04a40e06b448ed88930dcea638895c7') in 0.067246 seconds 
  Import took 0.070712 seconds .

========================================================================
Received Import Request.
  Time since last request: 0.000264 seconds.
  path: Assets/AllSkyFree/Cartoon Base NightSky/Cartoon Base NightSky Equirect.png
  artifactKey: Guid(7659947706e294d97a22faa1d4011724) Importer(815301076,1909f56bfc062723c751e8b465ee728b)
Start importing Assets/AllSkyFree/Cartoon Base NightSky/Cartoon Base NightSky Equirect.png using Guid(7659947706e294d97a22faa1d4011724) Importer(815301076,1909f56bfc062723c751e8b465ee728b)  -> (artifact id: 'a7b52cac0c1badba5be4019bfed63f72') in 0.408252 seconds 
  Import took 0.411589 seconds .

========================================================================
Received Import Request.
  Time since last request: 0.000204 seconds.
  path: Assets/AllSkyFree/Cartoon Base NightSky/Cartoon Base NightSky_Cam_4_Up+Y.png
  artifactKey: Guid(d8144633fec3342d9b7d9388377fb2a6) Importer(815301076,1909f56bfc062723c751e8b465ee728b)
Start importing Assets/AllSkyFree/Cartoon Base NightSky/Cartoon Base NightSky_Cam_4_Up+Y.png using Guid(d8144633fec3342d9b7d9388377fb2a6) Importer(815301076,1909f56bfc062723c751e8b465ee728b)  -> (artifact id: 'ef8e99ce4999f1871c65ac3bc0140b2e') in 0.014780 seconds 
  Import took 0.017462 seconds .

========================================================================
Received Import Request.
  Time since last request: 0.000192 seconds.
  path: Assets/AllSkyFree/Cartoon Base NightSky/Cartoon Base NightSky_Cam_3_Right-X.png
  artifactKey: Guid(69090bcf98b624e77a2f519630debe54) Importer(815301076,1909f56bfc062723c751e8b465ee728b)
Start importing Assets/AllSkyFree/Cartoon Base NightSky/Cartoon Base NightSky_Cam_3_Right-X.png using Guid(69090bcf98b624e77a2f519630debe54) Importer(815301076,1909f56bfc062723c751e8b465ee728b)  -> (artifact id: '325ad94db03fcc694bcdbdc5e2797287') in 0.014742 seconds 
  Import took 0.016890 seconds .

========================================================================
Received Import Request.
  Time since last request: 0.000236 seconds.
  path: Assets/AllSkyFree/Cartoon Base NightSky/Cartoon Base NightSky.mat
  artifactKey: Guid(aa78c8d403a8547fe86d1f74239e6b03) Importer(815301076,1909f56bfc062723c751e8b465ee728b)
Start importing Assets/AllSkyFree/Cartoon Base NightSky/Cartoon Base NightSky.mat using Guid(aa78c8d403a8547fe86d1f74239e6b03) Importer(815301076,1909f56bfc062723c751e8b465ee728b)  -> (artifact id: 'c192e309b9303b045dec3a53013cd32e') in 0.037255 seconds 
  Import took 0.040158 seconds .

========================================================================
Received Import Request.
  Time since last request: 0.000194 seconds.
  path: Assets/AllSkyFree/Cartoon Base NightSky/Cartoon Base NightSky_Cam_2_Left+X.png
  artifactKey: Guid(30795c4c7d28549fc98ea24071c47626) Importer(815301076,1909f56bfc062723c751e8b465ee728b)
Start importing Assets/AllSkyFree/Cartoon Base NightSky/Cartoon Base NightSky_Cam_2_Left+X.png using Guid(30795c4c7d28549fc98ea24071c47626) Importer(815301076,1909f56bfc062723c751e8b465ee728b)  -> (artifact id: 'fe44bcedc98ae1e5b1b3933ce9c0b9cd') in 0.012255 seconds 
  Import took 0.014880 seconds .

========================================================================
Received Import Request.
  Time since last request: 0.000178 seconds.
  path: Assets/AllSkyFree/Cartoon Base NightSky/Cartoon Base NightSky_Cam_1_Back-Z.png
  artifactKey: Guid(baee46fd4fc8d4898864f4963bb39f34) Importer(815301076,1909f56bfc062723c751e8b465ee728b)
Start importing Assets/AllSkyFree/Cartoon Base NightSky/Cartoon Base NightSky_Cam_1_Back-Z.png using Guid(baee46fd4fc8d4898864f4963bb39f34) Importer(815301076,1909f56bfc062723c751e8b465ee728b)  -> (artifact id: '1ef085ffab8c1b3bdfb5d71b8c139ee3') in 0.011254 seconds 
  Import took 0.013520 seconds .

========================================================================
Received Import Request.
  Time since last request: 0.000190 seconds.
  path: Assets/AllSkyFree/Cartoon Base NightSky/Cartoon Base NightSky_Cam_0_Front+Z.png
  artifactKey: Guid(5cd44424375bd4ad69191a50c41ec04d) Importer(815301076,1909f56bfc062723c751e8b465ee728b)
Start importing Assets/AllSkyFree/Cartoon Base NightSky/Cartoon Base NightSky_Cam_0_Front+Z.png using Guid(5cd44424375bd4ad69191a50c41ec04d) Importer(815301076,1909f56bfc062723c751e8b465ee728b)  -> (artifact id: '79babc41606b2e1ce8f56c0f8e698eb1') in 0.014778 seconds 
  Import took 0.017157 seconds .

========================================================================
Received Import Request.
  Time since last request: 0.000197 seconds.
  path: Assets/AllSkyFree/Cartoon Base NightSky/Cartoon Base NightSky_Cam_5_Down-Y.png
  artifactKey: Guid(e23c4e30896d34af5beb066fcf2790c7) Importer(815301076,1909f56bfc062723c751e8b465ee728b)
Start importing Assets/AllSkyFree/Cartoon Base NightSky/Cartoon Base NightSky_Cam_5_Down-Y.png using Guid(e23c4e30896d34af5beb066fcf2790c7) Importer(815301076,1909f56bfc062723c751e8b465ee728b)  -> (artifact id: '1e0859bb8645191adf376405bc1015c1') in 0.011744 seconds 
  Import took 0.014035 seconds .

========================================================================
Received Import Request.
  Time since last request: 0.000211 seconds.
  path: Assets/AllSkyFree/Cartoon Base NightSky/Cartoon Base NightSky_Cam_0_Front+Z.png
  artifactKey: Guid(5cd44424375bd4ad69191a50c41ec04d) Importer(815301076,1909f56bfc062723c751e8b465ee728b)
Start importing Assets/AllSkyFree/Cartoon Base NightSky/Cartoon Base NightSky_Cam_0_Front+Z.png using Guid(5cd44424375bd4ad69191a50c41ec04d) Importer(815301076,1909f56bfc062723c751e8b465ee728b)  -> (artifact id: '79babc41606b2e1ce8f56c0f8e698eb1') in 0.009601 seconds 
  Import took 0.011933 seconds .

========================================================================
Received Import Request.
  Time since last request: 0.000204 seconds.
  path: Assets/AllSkyFree/Cartoon Base NightSky/Cartoon Base NightSky_Cam_5_Down-Y.png
  artifactKey: Guid(e23c4e30896d34af5beb066fcf2790c7) Importer(815301076,1909f56bfc062723c751e8b465ee728b)
Start importing Assets/AllSkyFree/Cartoon Base NightSky/Cartoon Base NightSky_Cam_5_Down-Y.png using Guid(e23c4e30896d34af5beb066fcf2790c7) Importer(815301076,1909f56bfc062723c751e8b465ee728b)  -> (artifact id: '1e0859bb8645191adf376405bc1015c1') in 0.010325 seconds 
  Import took 0.012488 seconds .

========================================================================
Received Import Request.
  Time since last request: 1.615867 seconds.
  path: Assets/AllSkyFree/Space_AnotherPlanet/AllSky_Space_AnotherPlanet Equirect.mat
  artifactKey: Guid(13f6e5eed33d84c76979f1ec06b5e48c) Importer(815301076,1909f56bfc062723c751e8b465ee728b)
Start importing Assets/AllSkyFree/Space_AnotherPlanet/AllSky_Space_AnotherPlanet Equirect.mat using Guid(13f6e5eed33d84c76979f1ec06b5e48c) Importer(815301076,1909f56bfc062723c751e8b465ee728b)  -> (artifact id: '4e93042fa225caeac0f7b36053640428') in 0.038826 seconds 
  Import took 0.042198 seconds .

========================================================================
Received Import Request.
  Time since last request: 0.000296 seconds.
  path: Assets/AllSkyFree/Space_AnotherPlanet/AllSky_Space_AnotherPlanet.mat
  artifactKey: Guid(656058fe318eb48558d21d66d1a79a2b) Importer(815301076,1909f56bfc062723c751e8b465ee728b)
Start importing Assets/AllSkyFree/Space_AnotherPlanet/AllSky_Space_AnotherPlanet.mat using Guid(656058fe318eb48558d21d66d1a79a2b) Importer(815301076,1909f56bfc062723c751e8b465ee728b)  -> (artifact id: '559f8d341d6cf5182f76150f06a65023') in 0.046106 seconds 
  Import took 0.049002 seconds .

========================================================================
Received Import Request.
  Time since last request: 0.000195 seconds.
  path: Assets/AllSkyFree/Space_AnotherPlanet/AllSky_Space_AnotherPlanet_Cam_5_Down-Y.png
  artifactKey: Guid(3a639720a92414f45b72b16d6db788ce) Importer(815301076,1909f56bfc062723c751e8b465ee728b)
Start importing Assets/AllSkyFree/Space_AnotherPlanet/AllSky_Space_AnotherPlanet_Cam_5_Down-Y.png using Guid(3a639720a92414f45b72b16d6db788ce) Importer(815301076,1909f56bfc062723c751e8b465ee728b)  -> (artifact id: '5842f96413c5715cbe40a52a804d945b') in 0.015725 seconds 
  Import took 0.018137 seconds .

========================================================================
Received Import Request.
  Time since last request: 0.000197 seconds.
  path: Assets/AllSkyFree/Space_AnotherPlanet/AllSky_Space_AnotherPlanet_Cam_1_Back-Z.png
  artifactKey: Guid(0264465325ebb45239163258479c2a60) Importer(815301076,1909f56bfc062723c751e8b465ee728b)
Start importing Assets/AllSkyFree/Space_AnotherPlanet/AllSky_Space_AnotherPlanet_Cam_1_Back-Z.png using Guid(0264465325ebb45239163258479c2a60) Importer(815301076,1909f56bfc062723c751e8b465ee728b)  -> (artifact id: 'ea9266b501b6528763fe45f9a2d68c43') in 0.013485 seconds 
  Import took 0.016272 seconds .

========================================================================
Received Import Request.
  Time since last request: 0.000394 seconds.
  path: Assets/AllSkyFree/Space_AnotherPlanet/AllSky_Space_AnotherPlanet Equirect.png
  artifactKey: Guid(393dd4c82e2a04ec08ef9f57528230c6) Importer(815301076,1909f56bfc062723c751e8b465ee728b)
Start importing Assets/AllSkyFree/Space_AnotherPlanet/AllSky_Space_AnotherPlanet Equirect.png using Guid(393dd4c82e2a04ec08ef9f57528230c6) Importer(815301076,1909f56bfc062723c751e8b465ee728b)  -> (artifact id: 'dd958f1888f6eaafa399d39773023c69') in 0.380319 seconds 
  Import took 0.383945 seconds .

========================================================================
Received Import Request.
  Time since last request: 0.000211 seconds.
  path: Assets/AllSkyFree/Space_AnotherPlanet/AllSky_Space_AnotherPlanet_Cam_4_Up+Y.png
  artifactKey: Guid(a6e9f4ff100a94264a812ad74e17416c) Importer(815301076,1909f56bfc062723c751e8b465ee728b)
Start importing Assets/AllSkyFree/Space_AnotherPlanet/AllSky_Space_AnotherPlanet_Cam_4_Up+Y.png using Guid(a6e9f4ff100a94264a812ad74e17416c) Importer(815301076,1909f56bfc062723c751e8b465ee728b)  -> (artifact id: '29cdb12bbf5e0c146e454ff8818fd95e') in 0.011365 seconds 
  Import took 0.013494 seconds .

========================================================================
Received Import Request.
  Time since last request: 0.000187 seconds.
  path: Assets/AllSkyFree/Space_AnotherPlanet/AllSky_Space_AnotherPlanet_Cam_0_Front+Z.png
  artifactKey: Guid(0b5345cf23ab840779a8cbf1b89f355a) Importer(815301076,1909f56bfc062723c751e8b465ee728b)
Start importing Assets/AllSkyFree/Space_AnotherPlanet/AllSky_Space_AnotherPlanet_Cam_0_Front+Z.png using Guid(0b5345cf23ab840779a8cbf1b89f355a) Importer(815301076,1909f56bfc062723c751e8b465ee728b)  -> (artifact id: 'a39272b7f19fab5ae8414e211f14c092') in 0.012958 seconds 
  Import took 0.015120 seconds .

========================================================================
Received Import Request.
  Time since last request: 0.000186 seconds.
  path: Assets/AllSkyFree/Space_AnotherPlanet/AllSky_Space_AnotherPlanet_Cam_3_Right-X.png
  artifactKey: Guid(ca9af6b5ce9284592aabb781392ff61e) Importer(815301076,1909f56bfc062723c751e8b465ee728b)
Start importing Assets/AllSkyFree/Space_AnotherPlanet/AllSky_Space_AnotherPlanet_Cam_3_Right-X.png using Guid(ca9af6b5ce9284592aabb781392ff61e) Importer(815301076,1909f56bfc062723c751e8b465ee728b)  -> (artifact id: 'fd20663b4c2609b83c4e5b3a1522bbf1') in 0.012637 seconds 
  Import took 0.015510 seconds .

========================================================================
Received Import Request.
  Time since last request: 0.000253 seconds.
  path: Assets/AllSkyFree/Space_AnotherPlanet/AllSky_Space_AnotherPlanet_Cam_2_Left+X.png
  artifactKey: Guid(40cd83628508d406497f3b21ff220644) Importer(815301076,1909f56bfc062723c751e8b465ee728b)
Start importing Assets/AllSkyFree/Space_AnotherPlanet/AllSky_Space_AnotherPlanet_Cam_2_Left+X.png using Guid(40cd83628508d406497f3b21ff220644) Importer(815301076,1909f56bfc062723c751e8b465ee728b)  -> (artifact id: 'a6ac893940dd24bed07a20f49effa66d') in 0.013452 seconds 
  Import took 0.015733 seconds .

========================================================================
Received Import Request.
  Time since last request: 0.002821 seconds.
  path: Assets/AllSkyFree/Space_AnotherPlanet/AllSky_Space_AnotherPlanet_Cam_2_Left+X.png
  artifactKey: Guid(40cd83628508d406497f3b21ff220644) Importer(815301076,1909f56bfc062723c751e8b465ee728b)
Start importing Assets/AllSkyFree/Space_AnotherPlanet/AllSky_Space_AnotherPlanet_Cam_2_Left+X.png using Guid(40cd83628508d406497f3b21ff220644) Importer(815301076,1909f56bfc062723c751e8b465ee728b)  -> (artifact id: 'a6ac893940dd24bed07a20f49effa66d') in 0.011196 seconds 
  Import took 0.013700 seconds .

========================================================================
Received Prepare
Registering precompiled user dll's ...
Registered in 0.002257 seconds.
Begin MonoManager ReloadAssembly
Native extension for WindowsStandalone target not found
Refreshing native plugins compatible for Editor in 0.34 ms, found 2 plugins.
Preloading 0 native plugins for Editor in 0.00 ms.
Mono: successfully reloaded assembly
- Completed reload, in  1.554 seconds
Domain Reload Profiling:
	ReloadAssembly (1555ms)
		BeginReloadAssembly (112ms)
			ExecutionOrderSort (0ms)
			DisableScriptedObjects (4ms)
			BackupInstance (0ms)
			ReleaseScriptingObjects (0ms)
			CreateAndSetChildDomain (34ms)
		EndReloadAssembly (1148ms)
			LoadAssemblies (106ms)
			RebuildTransferFunctionScriptingTraits (0ms)
			SetupTypeCache (426ms)
			ReleaseScriptCaches (1ms)
			RebuildScriptCaches (66ms)
			SetupLoadedEditorAssemblies (414ms)
				LogAssemblyErrors (0ms)
				InitializePlatformSupportModulesInManaged (8ms)
				SetLoadedEditorAssemblies (1ms)
				RefreshPlugins (0ms)
				BeforeProcessingInitializeOnLoad (106ms)
				ProcessInitializeOnLoadAttributes (285ms)
				ProcessInitializeOnLoadMethodAttributes (5ms)
				AfterProcessingInitializeOnLoad (8ms)
				EditorAssembliesLoaded (0ms)
			ExecutionOrderSort2 (0ms)
			AwakeInstancesAfterBackupRestoration (8ms)
Platform modules already initialized, skipping
Refreshing native plugins compatible for Editor in 0.36 ms, found 2 plugins.
Preloading 0 native plugins for Editor in 0.00 ms.
Unloading 1398 Unused Serialized files (Serialized files now loaded: 0)
System memory in use before: 68.9 MB.
System memory in use after: 69.0 MB.

Unloading 11 unused Assets to reduce memory usage. Loaded Objects now: 1895.
Total: 2.931000 ms (FindLiveObjects: 0.185500 ms CreateObjectMapping: 0.066700 ms MarkObjects: 2.657200 ms  DeleteObjects: 0.020400 ms)

AssetImportParameters requested are different than current active one (requested -> active):
  custom:framework-win-MediaFoundation: 216162199b28c13a410421893ffa2e32 -> 
  custom:video-decoder-ogg-theora: a1e56fd34408186e4bbccfd4996cb3dc -> 
  custom:container-muxer-webm: aa71ff27fc2769a1b78a27578f13a17b -> 
  custom:container-demuxer-webm: 4f35f7cbe854078d1ac9338744f61a02 -> 
  custom:container-demuxer-ogg: 62fdf1f143b41e24485cea50d1cbac27 -> 
  custom:video-encoder-webm-vp8: eb34c28f22e8b96e1ab97ce403110664 -> 
  custom:video-decoder-webm-vp8: 9c59270c3fd7afecdb556c50c9e8de78 -> 
  custom:audio-decoder-ogg-vorbis: bf7c407c2cedff20999df2af8eb42d56 -> 
  custom:audio-encoder-webm-vorbis: bf7c407c2cedff20999df2af8eb42d56 -> 
========================================================================
Received Import Request.
  Time since last request: 7.718966 seconds.
  path: Assets/AllSkyFree/Overcast Low/AllSky_Overcast4_Low Equirect.mat
  artifactKey: Guid(54fe2f000ad8f424fb63cc3ea0ae2bb2) Importer(815301076,1909f56bfc062723c751e8b465ee728b)
Start importing Assets/AllSkyFree/Overcast Low/AllSky_Overcast4_Low Equirect.mat using Guid(54fe2f000ad8f424fb63cc3ea0ae2bb2) Importer(815301076,1909f56bfc062723c751e8b465ee728b)  -> (artifact id: 'dda35eb08cc562e00b9137bf0b2b9494') in 0.097895 seconds 
  Import took 0.101331 seconds .

========================================================================
Received Import Request.
  Time since last request: 0.000256 seconds.
  path: Assets/AllSkyFree/Overcast Low/Sky_AllSky_Overcast4_Low_Cam_2_Left+X.png
  artifactKey: Guid(4b922104744dc4f5ab309b556a7677da) Importer(815301076,1909f56bfc062723c751e8b465ee728b)
Start importing Assets/AllSkyFree/Overcast Low/Sky_AllSky_Overcast4_Low_Cam_2_Left+X.png using Guid(4b922104744dc4f5ab309b556a7677da) Importer(815301076,1909f56bfc062723c751e8b465ee728b)  -> (artifact id: 'b86225f84a35d78b760bce8a194b4a27') in 0.018358 seconds 
  Import took 0.020829 seconds .

========================================================================
Received Import Request.
  Time since last request: 0.000291 seconds.
  path: Assets/AllSkyFree/Overcast Low/AllSky_Overcast4_Low.png
  artifactKey: Guid(c8f21f62fdb3e43c5b32917c84683698) Importer(815301076,1909f56bfc062723c751e8b465ee728b)
Start importing Assets/AllSkyFree/Overcast Low/AllSky_Overcast4_Low.png using Guid(c8f21f62fdb3e43c5b32917c84683698) Importer(815301076,1909f56bfc062723c751e8b465ee728b)  -> (artifact id: '9fe20207b0cb88e14fa0a485577136b5') in 0.475224 seconds 
  Import took 0.478687 seconds .

========================================================================
Received Import Request.
  Time since last request: 0.000228 seconds.
  path: Assets/AllSkyFree/Overcast Low/Sky_AllSky_Overcast4_Low_Cam_3_Right-X.png
  artifactKey: Guid(0ccd1239645f54012a6ea72739d04982) Importer(815301076,1909f56bfc062723c751e8b465ee728b)
Start importing Assets/AllSkyFree/Overcast Low/Sky_AllSky_Overcast4_Low_Cam_3_Right-X.png using Guid(0ccd1239645f54012a6ea72739d04982) Importer(815301076,1909f56bfc062723c751e8b465ee728b)  -> (artifact id: '0b400b4c00e7588307af278f96999eb8') in 0.025568 seconds 
  Import took 0.027741 seconds .

========================================================================
Received Import Request.
  Time since last request: 0.000198 seconds.
  path: Assets/AllSkyFree/Overcast Low/Sky_AllSky_Overcast4_Low_Cam_0_Front+Z.png
  artifactKey: Guid(402fe3aa91fba453f92dd3bbe820dbd9) Importer(815301076,1909f56bfc062723c751e8b465ee728b)
Start importing Assets/AllSkyFree/Overcast Low/Sky_AllSky_Overcast4_Low_Cam_0_Front+Z.png using Guid(402fe3aa91fba453f92dd3bbe820dbd9) Importer(815301076,1909f56bfc062723c751e8b465ee728b)  -> (artifact id: '3d91833663cef788a65e7d1f5c24ebf7') in 0.024011 seconds 
  Import took 0.026762 seconds .

========================================================================
Received Import Request.
  Time since last request: 0.000267 seconds.
  path: Assets/AllSkyFree/Overcast Low/AllSky_Overcast4_Low.mat
  artifactKey: Guid(f2b5f3f20933f434e850db1b710542fd) Importer(815301076,1909f56bfc062723c751e8b465ee728b)
Start importing Assets/AllSkyFree/Overcast Low/AllSky_Overcast4_Low.mat using Guid(f2b5f3f20933f434e850db1b710542fd) Importer(815301076,1909f56bfc062723c751e8b465ee728b)  -> (artifact id: 'eb3a8efccf48937cf7805fca35f9b4ac') in 0.044686 seconds 
  Import took 0.048238 seconds .

========================================================================
Received Import Request.
  Time since last request: 0.000187 seconds.
  path: Assets/AllSkyFree/Overcast Low/Sky_AllSky_Overcast4_Low_Cam_1_Back-Z.png
  artifactKey: Guid(4efb8fd75703d43cab6f01b240a7c945) Importer(815301076,1909f56bfc062723c751e8b465ee728b)
Start importing Assets/AllSkyFree/Overcast Low/Sky_AllSky_Overcast4_Low_Cam_1_Back-Z.png using Guid(4efb8fd75703d43cab6f01b240a7c945) Importer(815301076,1909f56bfc062723c751e8b465ee728b)  -> (artifact id: '219fc1a42d51d8c7be377e33d6997238') in 0.012539 seconds 
  Import took 0.015120 seconds .

========================================================================
Received Import Request.
  Time since last request: 0.000197 seconds.
  path: Assets/AllSkyFree/Overcast Low/Sky_AllSky_Overcast4_Low_Cam_4_Up+Y.png
  artifactKey: Guid(93ce6277acd7243f685c04cc3c1d0cc4) Importer(815301076,1909f56bfc062723c751e8b465ee728b)
Start importing Assets/AllSkyFree/Overcast Low/Sky_AllSky_Overcast4_Low_Cam_4_Up+Y.png using Guid(93ce6277acd7243f685c04cc3c1d0cc4) Importer(815301076,1909f56bfc062723c751e8b465ee728b)  -> (artifact id: '72683abd8cdb00232b8072d3b182544c') in 0.013793 seconds 
  Import took 0.016057 seconds .

========================================================================
Received Import Request.
  Time since last request: 0.000249 seconds.
  path: Assets/AllSkyFree/Overcast Low/Sky_AllSky_Overcast4_Low_Cam_5_Down-Y.png
  artifactKey: Guid(4164b771c2b784c2da3cbe10847a182e) Importer(815301076,1909f56bfc062723c751e8b465ee728b)
Start importing Assets/AllSkyFree/Overcast Low/Sky_AllSky_Overcast4_Low_Cam_5_Down-Y.png using Guid(4164b771c2b784c2da3cbe10847a182e) Importer(815301076,1909f56bfc062723c751e8b465ee728b)  -> (artifact id: '6fed4b6902f05f6817071ac104c3a078') in 0.016138 seconds 
  Import took 0.018519 seconds .

========================================================================
Received Import Request.
  Time since last request: 3.097675 seconds.
  path: Assets/AllSkyFree/Night MoonBurst/AllSky_Night_MoonBurst Equirect.mat
  artifactKey: Guid(51b74d7bad397457d883c5940f7664d8) Importer(815301076,1909f56bfc062723c751e8b465ee728b)
Start importing Assets/AllSkyFree/Night MoonBurst/AllSky_Night_MoonBurst Equirect.mat using Guid(51b74d7bad397457d883c5940f7664d8) Importer(815301076,1909f56bfc062723c751e8b465ee728b)  -> (artifact id: '4ca37fb9d2e839476718e1bd6863bf58') in 0.047584 seconds 
  Import took 0.051085 seconds .

========================================================================
Received Import Request.
  Time since last request: 0.000275 seconds.
  path: Assets/AllSkyFree/Night MoonBurst/Night Moon Burst.mat
  artifactKey: Guid(c494c335823f54b52b2e87e1b7a63a23) Importer(815301076,1909f56bfc062723c751e8b465ee728b)
Start importing Assets/AllSkyFree/Night MoonBurst/Night Moon Burst.mat using Guid(c494c335823f54b52b2e87e1b7a63a23) Importer(815301076,1909f56bfc062723c751e8b465ee728b)  -> (artifact id: 'c02c1361748b06fac84ecd6228c3e512') in 0.043284 seconds 
  Import took 0.046207 seconds .

========================================================================
Received Import Request.
  Time since last request: 0.000297 seconds.
  path: Assets/AllSkyFree/Night MoonBurst/Night Moon Burst_Cam_0_Front+Z.png
  artifactKey: Guid(6faf329ad7f5a4920bd3e23e4b000057) Importer(815301076,1909f56bfc062723c751e8b465ee728b)
Start importing Assets/AllSkyFree/Night MoonBurst/Night Moon Burst_Cam_0_Front+Z.png using Guid(6faf329ad7f5a4920bd3e23e4b000057) Importer(815301076,1909f56bfc062723c751e8b465ee728b)  -> (artifact id: '129681e5c07128a1a70bd7551a76aa5f') in 0.012229 seconds 
  Import took 0.014556 seconds .

========================================================================
Received Import Request.
  Time since last request: 0.000452 seconds.
  path: Assets/AllSkyFree/Night MoonBurst/Night Moon Burst_Cam_3_Right-X.png
  artifactKey: Guid(8e462a9bf0b1941148e4318e741d7b09) Importer(815301076,1909f56bfc062723c751e8b465ee728b)
Start importing Assets/AllSkyFree/Night MoonBurst/Night Moon Burst_Cam_3_Right-X.png using Guid(8e462a9bf0b1941148e4318e741d7b09) Importer(815301076,1909f56bfc062723c751e8b465ee728b)  -> (artifact id: '2f7d65e1c642cb4488f29bd28bcf5f3b') in 0.010795 seconds 
  Import took 0.013134 seconds .

========================================================================
Received Import Request.
  Time since last request: 0.000199 seconds.
  path: Assets/AllSkyFree/Night MoonBurst/Night Moon Burst_Cam_4_Up+Y.png
  artifactKey: Guid(544d3cf87e24a464fa433d08257479d1) Importer(815301076,1909f56bfc062723c751e8b465ee728b)
Start importing Assets/AllSkyFree/Night MoonBurst/Night Moon Burst_Cam_4_Up+Y.png using Guid(544d3cf87e24a464fa433d08257479d1) Importer(815301076,1909f56bfc062723c751e8b465ee728b)  -> (artifact id: 'c22c9ded86950096a65815f7d49d2c87') in 0.012605 seconds 
  Import took 0.015469 seconds .

========================================================================
Received Import Request.
  Time since last request: 0.000198 seconds.
  path: Assets/AllSkyFree/Night MoonBurst/Night Moon Burst_Cam_2_Left+X.png
  artifactKey: Guid(c35d875303c454b9a8acaae0f7800313) Importer(815301076,1909f56bfc062723c751e8b465ee728b)
Start importing Assets/AllSkyFree/Night MoonBurst/Night Moon Burst_Cam_2_Left+X.png using Guid(c35d875303c454b9a8acaae0f7800313) Importer(815301076,1909f56bfc062723c751e8b465ee728b)  -> (artifact id: 'cf19b39bdbf07215c870cec5e5db6bd4') in 0.009697 seconds 
  Import took 0.012244 seconds .

========================================================================
Received Import Request.
  Time since last request: 0.000200 seconds.
  path: Assets/AllSkyFree/Night MoonBurst/Night Moon Burst_Cam_1_Back-Z.png
  artifactKey: Guid(88710d7f2a0fa4bfeacbf7045be893fc) Importer(815301076,1909f56bfc062723c751e8b465ee728b)
Start importing Assets/AllSkyFree/Night MoonBurst/Night Moon Burst_Cam_1_Back-Z.png using Guid(88710d7f2a0fa4bfeacbf7045be893fc) Importer(815301076,1909f56bfc062723c751e8b465ee728b)  -> (artifact id: 'a30ad636ce46d513ec118dc6a15e284a') in 0.009422 seconds 
  Import took 0.011522 seconds .

========================================================================
Received Import Request.
  Time since last request: 0.000197 seconds.
  path: Assets/AllSkyFree/Night MoonBurst/AllSky_Night_MoonBurst Equirect.png
  artifactKey: Guid(34a763168147f4182a21b9fd004d67de) Importer(815301076,1909f56bfc062723c751e8b465ee728b)
Start importing Assets/AllSkyFree/Night MoonBurst/AllSky_Night_MoonBurst Equirect.png using Guid(34a763168147f4182a21b9fd004d67de) Importer(815301076,1909f56bfc062723c751e8b465ee728b)  -> (artifact id: '3e13b223b9bf9b18209e863529b24d31') in 0.321350 seconds 
  Import took 0.325001 seconds .

========================================================================
Received Import Request.
  Time since last request: 0.000195 seconds.
  path: Assets/AllSkyFree/Night MoonBurst/Night Moon Burst_Cam_5_Down-Y.png
  artifactKey: Guid(771300e956150427f8e4740c74cdd67e) Importer(815301076,1909f56bfc062723c751e8b465ee728b)
Start importing Assets/AllSkyFree/Night MoonBurst/Night Moon Burst_Cam_5_Down-Y.png using Guid(771300e956150427f8e4740c74cdd67e) Importer(815301076,1909f56bfc062723c751e8b465ee728b)  -> (artifact id: '7f873e2df915f734c6ecc2910c3d6bab') in 0.010296 seconds 
  Import took 0.012770 seconds .

========================================================================
Received Prepare
Registering precompiled user dll's ...
Registered in 0.003526 seconds.
Begin MonoManager ReloadAssembly
Native extension for WindowsStandalone target not found
Refreshing native plugins compatible for Editor in 0.47 ms, found 2 plugins.
Preloading 0 native plugins for Editor in 0.00 ms.
Mono: successfully reloaded assembly
- Completed reload, in  1.581 seconds
Domain Reload Profiling:
	ReloadAssembly (1581ms)
		BeginReloadAssembly (143ms)
			ExecutionOrderSort (0ms)
			DisableScriptedObjects (5ms)
			BackupInstance (0ms)
			ReleaseScriptingObjects (0ms)
			CreateAndSetChildDomain (40ms)
		EndReloadAssembly (1273ms)
			LoadAssemblies (185ms)
			RebuildTransferFunctionScriptingTraits (0ms)
			SetupTypeCache (394ms)
			ReleaseScriptCaches (1ms)
			RebuildScriptCaches (46ms)
			SetupLoadedEditorAssemblies (360ms)
				LogAssemblyErrors (0ms)
				InitializePlatformSupportModulesInManaged (7ms)
				SetLoadedEditorAssemblies (1ms)
				RefreshPlugins (1ms)
				BeforeProcessingInitializeOnLoad (105ms)
				ProcessInitializeOnLoadAttributes (233ms)
				ProcessInitializeOnLoadMethodAttributes (5ms)
				AfterProcessingInitializeOnLoad (8ms)
				EditorAssembliesLoaded (0ms)
			ExecutionOrderSort2 (0ms)
			AwakeInstancesAfterBackupRestoration (11ms)
Platform modules already initialized, skipping
Refreshing native plugins compatible for Editor in 0.37 ms, found 2 plugins.
Preloading 0 native plugins for Editor in 0.00 ms.
Unloading 1398 Unused Serialized files (Serialized files now loaded: 0)
System memory in use before: 69.9 MB.
System memory in use after: 70.0 MB.

Unloading 11 unused Assets to reduce memory usage. Loaded Objects now: 1898.
Total: 3.145800 ms (FindLiveObjects: 0.154300 ms CreateObjectMapping: 0.046800 ms MarkObjects: 2.922100 ms  DeleteObjects: 0.020800 ms)

AssetImportParameters requested are different than current active one (requested -> active):
  custom:framework-win-MediaFoundation: 216162199b28c13a410421893ffa2e32 -> 
  custom:video-decoder-ogg-theora: a1e56fd34408186e4bbccfd4996cb3dc -> 
  custom:container-muxer-webm: aa71ff27fc2769a1b78a27578f13a17b -> 
  custom:container-demuxer-webm: 4f35f7cbe854078d1ac9338744f61a02 -> 
  custom:container-demuxer-ogg: 62fdf1f143b41e24485cea50d1cbac27 -> 
  custom:video-encoder-webm-vp8: eb34c28f22e8b96e1ab97ce403110664 -> 
  custom:video-decoder-webm-vp8: 9c59270c3fd7afecdb556c50c9e8de78 -> 
  custom:audio-decoder-ogg-vorbis: bf7c407c2cedff20999df2af8eb42d56 -> 
  custom:audio-encoder-webm-vorbis: bf7c407c2cedff20999df2af8eb42d56 -> 
========================================================================
Received Prepare
Registering precompiled user dll's ...
Registered in 0.002083 seconds.
Begin MonoManager ReloadAssembly
Native extension for WindowsStandalone target not found
Refreshing native plugins compatible for Editor in 0.35 ms, found 2 plugins.
Preloading 0 native plugins for Editor in 0.00 ms.
Mono: successfully reloaded assembly
- Completed reload, in  1.191 seconds
Domain Reload Profiling:
	ReloadAssembly (1196ms)
		BeginReloadAssembly (245ms)
			ExecutionOrderSort (0ms)
			DisableScriptedObjects (20ms)
			BackupInstance (0ms)
			ReleaseScriptingObjects (0ms)
			CreateAndSetChildDomain (120ms)
		EndReloadAssembly (867ms)
			LoadAssemblies (111ms)
			RebuildTransferFunctionScriptingTraits (0ms)
			SetupTypeCache (316ms)
			ReleaseScriptCaches (1ms)
			RebuildScriptCaches (39ms)
			SetupLoadedEditorAssemblies (305ms)
				LogAssemblyErrors (0ms)
				InitializePlatformSupportModulesInManaged (6ms)
				SetLoadedEditorAssemblies (1ms)
				RefreshPlugins (0ms)
				BeforeProcessingInitializeOnLoad (80ms)
				ProcessInitializeOnLoadAttributes (205ms)
				ProcessInitializeOnLoadMethodAttributes (5ms)
				AfterProcessingInitializeOnLoad (7ms)
				EditorAssembliesLoaded (0ms)
			ExecutionOrderSort2 (0ms)
			AwakeInstancesAfterBackupRestoration (9ms)
Platform modules already initialized, skipping
Refreshing native plugins compatible for Editor in 0.31 ms, found 2 plugins.
Preloading 0 native plugins for Editor in 0.00 ms.
Unloading 1398 Unused Serialized files (Serialized files now loaded: 0)
System memory in use before: 69.9 MB.
System memory in use after: 70.0 MB.

Unloading 11 unused Assets to reduce memory usage. Loaded Objects now: 1900.
Total: 2.853400 ms (FindLiveObjects: 0.149300 ms CreateObjectMapping: 0.038600 ms MarkObjects: 2.641400 ms  DeleteObjects: 0.022700 ms)

AssetImportParameters requested are different than current active one (requested -> active):
  custom:framework-win-MediaFoundation: 216162199b28c13a410421893ffa2e32 -> 
  custom:video-decoder-ogg-theora: a1e56fd34408186e4bbccfd4996cb3dc -> 
  custom:container-muxer-webm: aa71ff27fc2769a1b78a27578f13a17b -> 
  custom:container-demuxer-webm: 4f35f7cbe854078d1ac9338744f61a02 -> 
  custom:container-demuxer-ogg: 62fdf1f143b41e24485cea50d1cbac27 -> 
  custom:video-encoder-webm-vp8: eb34c28f22e8b96e1ab97ce403110664 -> 
  custom:video-decoder-webm-vp8: 9c59270c3fd7afecdb556c50c9e8de78 -> 
  custom:audio-decoder-ogg-vorbis: bf7c407c2cedff20999df2af8eb42d56 -> 
  custom:audio-encoder-webm-vorbis: bf7c407c2cedff20999df2af8eb42d56 -> 
========================================================================
Received Import Request.
  Time since last request: 4623.988620 seconds.
  path: Assets/Scripts/WallRun.cs
  artifactKey: Guid(8ec56f43cb6a6d945b97bf446e0dd28f) Importer(815301076,1909f56bfc062723c751e8b465ee728b)
Start importing Assets/Scripts/WallRun.cs using Guid(8ec56f43cb6a6d945b97bf446e0dd28f) Importer(815301076,1909f56bfc062723c751e8b465ee728b)  -> (artifact id: 'f9c67da8b5f4c410b53157b1d3e2865e') in 0.011046 seconds 
  Import took 0.013538 seconds .

========================================================================
Received Import Request.
  Time since last request: 0.022406 seconds.
  path: Assets/Scripts/WallRun.cs
  artifactKey: Guid(8ec56f43cb6a6d945b97bf446e0dd28f) Importer(815301076,1909f56bfc062723c751e8b465ee728b)
Start importing Assets/Scripts/WallRun.cs using Guid(8ec56f43cb6a6d945b97bf446e0dd28f) Importer(815301076,1909f56bfc062723c751e8b465ee728b)  -> (artifact id: 'f9c67da8b5f4c410b53157b1d3e2865e') in 0.003328 seconds 
  Import took 0.005703 seconds .

========================================================================
Received Prepare
Registering precompiled user dll's ...
Registered in 0.001817 seconds.
Begin MonoManager ReloadAssembly
Native extension for WindowsStandalone target not found
Refreshing native plugins compatible for Editor in 0.41 ms, found 2 plugins.
Preloading 0 native plugins for Editor in 0.00 ms.
Mono: successfully reloaded assembly
- Completed reload, in  1.220 seconds
Domain Reload Profiling:
	ReloadAssembly (1221ms)
		BeginReloadAssembly (113ms)
			ExecutionOrderSort (0ms)
			DisableScriptedObjects (5ms)
			BackupInstance (0ms)
			ReleaseScriptingObjects (0ms)
			CreateAndSetChildDomain (31ms)
		EndReloadAssembly (1045ms)
			LoadAssemblies (89ms)
			RebuildTransferFunctionScriptingTraits (0ms)
			SetupTypeCache (377ms)
			ReleaseScriptCaches (1ms)
			RebuildScriptCaches (46ms)
			SetupLoadedEditorAssemblies (394ms)
				LogAssemblyErrors (0ms)
				InitializePlatformSupportModulesInManaged (6ms)
				SetLoadedEditorAssemblies (0ms)
				RefreshPlugins (0ms)
				BeforeProcessingInitializeOnLoad (91ms)
				ProcessInitializeOnLoadAttributes (283ms)
				ProcessInitializeOnLoadMethodAttributes (5ms)
				AfterProcessingInitializeOnLoad (7ms)
				EditorAssembliesLoaded (0ms)
			ExecutionOrderSort2 (0ms)
			AwakeInstancesAfterBackupRestoration (9ms)
Platform modules already initialized, skipping
Refreshing native plugins compatible for Editor in 0.63 ms, found 2 plugins.
Preloading 0 native plugins for Editor in 0.00 ms.
Unloading 1398 Unused Serialized files (Serialized files now loaded: 0)
System memory in use before: 69.9 MB.
System memory in use after: 70.0 MB.

Unloading 11 unused Assets to reduce memory usage. Loaded Objects now: 1902.
Total: 2.886000 ms (FindLiveObjects: 0.150800 ms CreateObjectMapping: 0.043500 ms MarkObjects: 2.672600 ms  DeleteObjects: 0.017700 ms)

AssetImportParameters requested are different than current active one (requested -> active):
  custom:framework-win-MediaFoundation: 216162199b28c13a410421893ffa2e32 -> 
  custom:video-decoder-ogg-theora: a1e56fd34408186e4bbccfd4996cb3dc -> 
  custom:container-muxer-webm: aa71ff27fc2769a1b78a27578f13a17b -> 
  custom:container-demuxer-webm: 4f35f7cbe854078d1ac9338744f61a02 -> 
  custom:container-demuxer-ogg: 62fdf1f143b41e24485cea50d1cbac27 -> 
  custom:video-encoder-webm-vp8: eb34c28f22e8b96e1ab97ce403110664 -> 
  custom:video-decoder-webm-vp8: 9c59270c3fd7afecdb556c50c9e8de78 -> 
  custom:audio-decoder-ogg-vorbis: bf7c407c2cedff20999df2af8eb42d56 -> 
  custom:audio-encoder-webm-vorbis: bf7c407c2cedff20999df2af8eb42d56 -> 
========================================================================
Received Prepare
Registering precompiled user dll's ...
Registered in 0.002391 seconds.
Begin MonoManager ReloadAssembly
Native extension for WindowsStandalone target not found
Refreshing native plugins compatible for Editor in 0.33 ms, found 2 plugins.
Preloading 0 native plugins for Editor in 0.00 ms.
Mono: successfully reloaded assembly
- Completed reload, in  1.505 seconds
Domain Reload Profiling:
	ReloadAssembly (1505ms)
		BeginReloadAssembly (193ms)
			ExecutionOrderSort (0ms)
			DisableScriptedObjects (6ms)
			BackupInstance (0ms)
			ReleaseScriptingObjects (0ms)
			CreateAndSetChildDomain (53ms)
		EndReloadAssembly (1186ms)
			LoadAssemblies (153ms)
			RebuildTransferFunctionScriptingTraits (0ms)
			SetupTypeCache (393ms)
			ReleaseScriptCaches (1ms)
			RebuildScriptCaches (112ms)
			SetupLoadedEditorAssemblies (377ms)
				LogAssemblyErrors (0ms)
				InitializePlatformSupportModulesInManaged (6ms)
				SetLoadedEditorAssemblies (1ms)
				RefreshPlugins (0ms)
				BeforeProcessingInitializeOnLoad (103ms)
				ProcessInitializeOnLoadAttributes (252ms)
				ProcessInitializeOnLoadMethodAttributes (6ms)
				AfterProcessingInitializeOnLoad (9ms)
				EditorAssembliesLoaded (0ms)
			ExecutionOrderSort2 (0ms)
			AwakeInstancesAfterBackupRestoration (13ms)
Platform modules already initialized, skipping
Refreshing native plugins compatible for Editor in 0.53 ms, found 2 plugins.
Preloading 0 native plugins for Editor in 0.00 ms.
Unloading 1398 Unused Serialized files (Serialized files now loaded: 0)
System memory in use before: 70.0 MB.
System memory in use after: 70.1 MB.

Unloading 11 unused Assets to reduce memory usage. Loaded Objects now: 1904.
Total: 3.243200 ms (FindLiveObjects: 0.185400 ms CreateObjectMapping: 0.063400 ms MarkObjects: 2.971600 ms  DeleteObjects: 0.019800 ms)

AssetImportParameters requested are different than current active one (requested -> active):
  custom:framework-win-MediaFoundation: 216162199b28c13a410421893ffa2e32 -> 
  custom:video-decoder-ogg-theora: a1e56fd34408186e4bbccfd4996cb3dc -> 
  custom:container-muxer-webm: aa71ff27fc2769a1b78a27578f13a17b -> 
  custom:container-demuxer-webm: 4f35f7cbe854078d1ac9338744f61a02 -> 
  custom:container-demuxer-ogg: 62fdf1f143b41e24485cea50d1cbac27 -> 
  custom:video-encoder-webm-vp8: eb34c28f22e8b96e1ab97ce403110664 -> 
  custom:video-decoder-webm-vp8: 9c59270c3fd7afecdb556c50c9e8de78 -> 
  custom:audio-decoder-ogg-vorbis: bf7c407c2cedff20999df2af8eb42d56 -> 
  custom:audio-encoder-webm-vorbis: bf7c407c2cedff20999df2af8eb42d56 -> 
AssetImportWorkerClient::OnTransportError - code=2 error=End of file
